<?xml version="1.0" encoding="utf-8"?>
<shfbBuild product="Sandcastle Help File Builder" version="1.9.8.0" projectFile="D:\My Programs\dotNet\Open Source\Scrabler\Scrabler\Scrabler.shfbproj" started="6/1/2017 23:06:41">
<buildStep step="Initializing">
Finding tools...
Found Sandcastle tools in &#39;C:\Program Files (x86)\Sandcastle\&#39;
Found HTML Help 1 compiler in &#39;C:\Program Files (x86)\HTML Help Workshop\&#39;
</buildStep>
<buildStep step="ValidatingDocumentationSources">
Validating and copying documentation source information
Source: D:\My Programs\dotNet\Open Source\Scrabler\Scrabler\Scrabler.csproj
    Found project &#39;D:\My Programs\dotNet\Open Source\Scrabler\Scrabler\Scrabler.csproj&#39;
Source: D:\My Programs\dotNet\Open Source\Scrabler\Scrabler\bin\Release\Scrabler.XML

Parsing project files
    Found assembly &#39;D:\My Programs\dotNet\Open Source\Scrabler\Scrabler\bin\Release\Scrabler.dll&#39;
    Ignoring duplicate comments file &#39;D:\My Programs\dotNet\Open Source\Scrabler\Scrabler\bin\Release\Scrabler.XML&#39;

References to include (excluding framework assemblies):
    Hydrobase, Version=1.5.1.6, Culture=neutral, processorArchitecture=MSIL
    ICSharpCode.SharpZipLib, Version=0.85.4.369, Culture=neutral, PublicKeyToken=1b03e6acf1164f73, processorArchitecture=MSIL
    ICSharpCode.TextEditor, Version=3.0.0.3800, Culture=neutral, PublicKeyToken=4d61825e8dd49f1a, processorArchitecture=MSIL
    NLog, Version=4.0.0.0, Culture=neutral, PublicKeyToken=5120e14c03d0593c, processorArchitecture=MSIL
    System.Management.Automation, Version=1.0.0.0, Culture=neutral, PublicKeyToken=31bf3856ad364e35, processorArchitecture=MSIL
    WareForms, Version=0.6.6.0, Culture=neutral, processorArchitecture=MSIL

Copying XML comments files
    D:\My Programs\dotNet\Open Source\Scrabler\Scrabler\bin\Release\Scrabler.XML -&gt; D:\My Programs\dotNet\Open Source\Scrabler\Scrabler\Help\Working\Scrabler.XML
</buildStep>
<buildStep step="GenerateSharedContent">
Generating shared content files (en-US, English (United States))...
    Last step completed in 00:00:00.4790
</buildStep>
<buildStep step="GenerateApiFilter">
Generating API filter for MRefBuilder...
    Last step completed in 00:00:00.1100
</buildStep>
<buildStep step="GenerateReflectionInfo">
Generating reflection information...
[C:\Windows\Microsoft.NET\Framework64\v4.0.30319\MSBuild.exe]
  MRefBuilder (v2.7.4.0)
  Copyright ? 2006-2013, Microsoft Corporation, All Rights Reserved.
  Portions Copyright ? 2006-2013, Eric Woodruff, All Rights Reserved.
  Info: Loaded 1 assemblies for reflection and 7 dependency assemblies.
  Info: Wrote information on 6 namespaces, 34 types, and 263 members
  XslTransform (v2.7.4.0)
  Copyright ? 2006-2013, Microsoft Corporation, All Rights Reserved.
  Portions Copyright ? 2006-2013, Eric Woodruff, All Rights Reserved.
  Info: Applying XSL transformation &#39;C:\Program Files (x86)\Sandcastle\ProductionTransforms\MergeDuplicates.xsl&#39;.
    Last step completed in 00:00:12.2697
</buildStep>
<buildStep step="GenerateNamespaceSummaries">
Generating namespace summary information...
    Last step completed in 00:00:00.0620
</buildStep>
<buildStep step="ApplyVisibilityProperties">
Applying visibility properties to reflection information file
    0 attribute nodes removed
    3 explicit interface implementations removed
    50 local and base class EII elements removed
    Last step completed in 00:00:00.4760
</buildStep>
<buildStep step="TransformReflectionInfo">
Transforming reflection output...
[C:\Windows\Microsoft.NET\Framework64\v4.0.30319\MSBuild.exe]
  XslTransform (v2.7.4.0)
  Copyright ? 2006-2013, Microsoft Corporation, All Rights Reserved.
  Portions Copyright ? 2006-2013, Eric Woodruff, All Rights Reserved.
  Info: Applying XSL transformation &#39;C:\Program Files (x86)\Sandcastle\\ProductionTransforms\ApplyPrototypeDocModel.xsl&#39;.
  Info: Applying XSL transformation &#39;C:\Program Files (x86)\Sandcastle\ProductionTransforms\AddFilenames.xsl&#39;.
  XslTransform (v2.7.4.0)
  Copyright ? 2006-2013, Microsoft Corporation, All Rights Reserved.
  Portions Copyright ? 2006-2013, Eric Woodruff, All Rights Reserved.
  Info: Applying XSL transformation &#39;C:\Program Files (x86)\Sandcastle\ProductionTransforms\ReflectionToManifest.xsl&#39;.
    Last step completed in 00:00:05.7793
</buildStep>
<buildStep step="CopyAdditionalContent">
Copying additional content files...
No additional content to copy
    Last step completed in 00:00:00.3800
</buildStep>
<buildStep step="MergeTablesOfContents">
Merging conceptual and additional tables of contents...
    Last step completed in 00:00:00.0770
</buildStep>
<buildStep step="GenerateIntermediateTableOfContents">
Generating intermediate table of contents file...
[C:\Windows\Microsoft.NET\Framework64\v4.0.30319\MSBuild.exe]
  XslTransform (v2.7.4.0)
  Copyright ? 2006-2013, Microsoft Corporation, All Rights Reserved.
  Portions Copyright ? 2006-2013, Eric Woodruff, All Rights Reserved.
  Info: Applying XSL transformation &#39;C:\Program Files (x86)\Sandcastle\\ProductionTransforms\CreatePrototypeToc.xsl&#39;.
Generating conceptual content intermediate TOC file...
    Last step completed in 00:00:02.5181
</buildStep>
<buildStep step="CreateBuildAssemblerConfigs">
Creating Sandcastle configuration files...
    sandcastle.config
    Last step completed in 00:00:04.6833
</buildStep>
<buildStep step="MergeCustomConfigs">
Merging custom build component configurations
D:\My Programs\dotNet\Open Source\Scrabler\Scrabler\Help\Working\sandcastle.config
    Last step completed in 00:00:00.5240
</buildStep>
<buildStep step="BuildReferenceTopics">
Building reference help topics...
[C:\Windows\Microsoft.NET\Framework64\v4.0.30319\MSBuild.exe]
  BuildAssembler (v2.7.4.0)
  Copyright ? 2006-2013, Microsoft Corporation, All Rights Reserved.
  Portions Copyright ? 2006-2013, Eric Woodruff, All Rights Reserved.
  Info: Loading configuration...
  Info: Processing topics...
  Warn: ShowMissingComponent: [N:Scrabler] Missing &lt;summary&gt; documentation
  Warn: ShowMissingComponent: [M:Scrabler.AssemblyCollection.AddRange(System.Reflection.Assembly[],Scrabler.ScriptInfo[])] Missing &lt;summary&gt; documentation
  Warn: ShowMissingComponent: [M:Scrabler.AssemblyCollection.AddRange(System.Reflection.Assembly[],Scrabler.ScriptInfo[])] Missing &lt;param name=&quot;assembly&quot;/&gt; documentation
  Warn: ShowMissingComponent: [M:Scrabler.AssemblyCollection.AddRange(System.Reflection.Assembly[],Scrabler.ScriptInfo[])] Missing &lt;param name=&quot;scriptinf&quot;/&gt; documentation
  Warn: ShowMissingComponent: [T:Scrabler.enumScriptRuningMode] Missing &lt;summary&gt; documentation
  Warn: ShowMissingComponent: [T:Scrabler.ErrorWindow] Missing &lt;summary&gt; documentation
  Warn: ShowMissingComponent: [M:Scrabler.ErrorWindow.#ctor(System.CodeDom.Compiler.CompilerErrorCollection,System.String)] Missing &lt;param name=&quot;cerrcol&quot;/&gt; documentation
  Warn: ShowMissingComponent: [M:Scrabler.ErrorWindow.#ctor(System.CodeDom.Compiler.CompilerErrorCollection,System.String)] Missing &lt;param name=&quot;tcode&quot;/&gt; documentation
  Warn: ShowMissingComponent: [M:Scrabler.ErrorWindow.#ctor(System.CodeDom.Compiler.CompilerErrorCollection,System.String,System.Boolean)] Missing &lt;param name=&quot;cerrcol&quot;/&gt; documentation
  Warn: ShowMissingComponent: [M:Scrabler.ErrorWindow.#ctor(System.CodeDom.Compiler.CompilerErrorCollection,System.String,System.Boolean)] Missing &lt;param name=&quot;tcode&quot;/&gt; documentation
  Warn: ShowMissingComponent: [M:Scrabler.ErrorWindow.#ctor(System.CodeDom.Compiler.CompilerErrorCollection,System.String,System.Boolean)] Missing &lt;param name=&quot;tsaveerrorrep&quot;/&gt; documentation
  Warn: ShowMissingComponent: [F:Scrabler.ErrorWindow.listErrors] Missing &lt;summary&gt; documentation
  Warn: ShowMissingComponent: [M:Scrabler.ErrorWindow.SaveErrorrs] Missing &lt;summary&gt; documentation
  Warn: ShowMissingComponent: [F:Scrabler.ErrorWindow.txtCode] Missing &lt;summary&gt; documentation
  Warn: ShowMissingComponent: [T:Scrabler.LoadedScripts] Missing &lt;summary&gt; documentation
  Warn: ShowMissingComponent: [F:Scrabler.LoadedScripts.dataScriptsInfo] Missing &lt;summary&gt; documentation
  Warn: ShowMissingComponent: [T:Scrabler.Program] Missing &lt;summary&gt; documentation
  Warn: ShowMissingComponent: [F:Scrabler.ScrablerCore.c] Missing &lt;summary&gt; documentation
  Warn: ShowMissingComponent: [F:Scrabler.ScrablerCore.cp] Missing &lt;summary&gt; documentation
  Warn: ShowMissingComponent: [F:Scrabler.ScrablerCore.definedConstants] Missing &lt;summary&gt; documentation
  Warn: ShowMissingComponent: [F:Scrabler.ScrablerCore.definedValues] Missing &lt;summary&gt; documentation
  Warn: ShowMissingComponent: [M:Scrabler.ScrablerCore.Eval(System.String)] Missing &lt;returns&gt; documentation
  Warn: ShowMissingComponent: [M:Scrabler.ScrablerCore.Eval(System.String)] Missing &lt;param name=&quot;sCSCode&quot;/&gt; documentation
  Warn: ShowMissingComponent: [M:Scrabler.ScrablerCore.EvalAndSave(System.String,System.String,System.String,System.String,System.String,System.String[],Scrabler.ScriptInfo,System.String)] Missing &lt;param name=&quot;sCSCode&quot;/&gt; documentation
  Warn: ShowMissingComponent: [M:Scrabler.ScrablerCore.EvalWithParams(System.String,System.String,System.String,System.String,System.String,System.String[],WareForms.WareForm,Scrabler.ScriptInfo)] Missing &lt;param name=&quot;refs&quot;/&gt; documentation
  Warn: ResolveReferenceLinksComponent2: [M:Scrabler.ScrablerCore.EvalWithParams(System.String,System.String,System.String,System.String,System.String,System.String[],WareForms.WareForm,Scrabler.ScriptInfo)] Unknown reference link target &#39;T:WareForms.WareForm&#39;.
  Warn: ResolveReferenceLinksComponent2: [M:Scrabler.ScrablerCore.EvalWithParams(System.String,System.String,System.String,System.String,System.String,System.String[],WareForms.WareForm,Scrabler.ScriptInfo)] Unknown reference link target &#39;T:WareForms.WareForm&#39;.
  Warn: ResolveReferenceLinksComponent2: [M:Scrabler.ScrablerCore.EvalWithParams(System.String,System.String,System.String,System.String,System.String,System.String[],WareForms.WareForm,Scrabler.ScriptInfo)] Unknown reference link target &#39;T:WareForms.WareForm&#39;.
  Warn: ResolveReferenceLinksComponent2: [M:Scrabler.ScrablerCore.EvalWithParams(System.String,System.String,System.String,System.String,System.String,System.String[],WareForms.WareForm,Scrabler.ScriptInfo)] Unknown reference link target &#39;T:WareForms.WareForm&#39;.
  Warn: ResolveReferenceLinksComponent2: [M:Scrabler.ScrablerCore.EvalWithParams(System.String,System.String,System.String,System.String,System.String,System.String[],WareForms.WareForm,Scrabler.ScriptInfo)] Unknown reference link target &#39;T:WareForms.WareForm&#39;.
  Warn: ResolveReferenceLinksComponent2: [M:Scrabler.ScrablerCore.EvalWithParams(System.String,System.String,System.String,System.String,System.String,System.String[],WareForms.WareForm,Scrabler.ScriptInfo)] Unknown reference link target &#39;T:WareForms.WareForm&#39;.
  Warn: ResolveReferenceLinksComponent2: [M:Scrabler.ScrablerCore.EvalWithParams(System.String,System.String,System.String,System.String,System.String,System.String[],WareForms.WareForm,Scrabler.ScriptInfo)] Unknown reference link target &#39;T:WareForms.WareForm&#39;.
  Warn: ResolveReferenceLinksComponent2: [M:Scrabler.ScrablerCore.EvalWithParams(System.String,System.String,System.String,System.String,System.String,System.String[],WareForms.WareForm,Scrabler.ScriptInfo)] Unknown reference link target &#39;T:WareForms.WareForm&#39;.
  Warn: ShowMissingComponent: [M:Scrabler.ScrablerCore.GetLanguage(System.Data.DataSet)] Missing &lt;returns&gt; documentation
  Warn: ShowMissingComponent: [M:Scrabler.ScrablerCore.LogMessage(System.String)] Missing &lt;summary&gt; documentation
  Warn: ShowMissingComponent: [M:Scrabler.ScrablerCore.LogMessage(System.String)] Missing &lt;param name=&quot;message&quot;/&gt; documentation
  Warn: ResolveReferenceLinksComponent2: [M:Scrabler.ScrablerCore.ReadScript(System.String,WareForms.WareForm)] Unknown reference link target &#39;T:WareForms.WareForm&#39;.
  Warn: ResolveReferenceLinksComponent2: [M:Scrabler.ScrablerCore.ReadScript(System.String,WareForms.WareForm)] Unknown reference link target &#39;T:WareForms.WareForm&#39;.
  Warn: ResolveReferenceLinksComponent2: [M:Scrabler.ScrablerCore.ReadScript(System.String,WareForms.WareForm)] Unknown reference link target &#39;T:WareForms.WareForm&#39;.
  Warn: ResolveReferenceLinksComponent2: [M:Scrabler.ScrablerCore.ReadScript(System.String,WareForms.WareForm)] Unknown reference link target &#39;T:WareForms.WareForm&#39;.
  Warn: ResolveReferenceLinksComponent2: [M:Scrabler.ScrablerCore.ReadScript(System.String,WareForms.WareForm)] Unknown reference link target &#39;T:WareForms.WareForm&#39;.
  Warn: ResolveReferenceLinksComponent2: [M:Scrabler.ScrablerCore.ReadScript(System.String,WareForms.WareForm)] Unknown reference link target &#39;T:WareForms.WareForm&#39;.
  Warn: ResolveReferenceLinksComponent2: [M:Scrabler.ScrablerCore.ReadScript(System.String,WareForms.WareForm)] Unknown reference link target &#39;T:WareForms.WareForm&#39;.
  Warn: ResolveReferenceLinksComponent2: [M:Scrabler.ScrablerCore.ReadScript(System.String,WareForms.WareForm)] Unknown reference link target &#39;T:WareForms.WareForm&#39;.
  Warn: ShowMissingComponent: [M:Scrabler.ScrablerCore.ReadScriptAndInstall(System.String,System.String)] Missing &lt;summary&gt; documentation
  Warn: ShowMissingComponent: [M:Scrabler.ScrablerCore.ReadScriptAndInstall(System.String,System.String)] Missing &lt;returns&gt; documentation
  Warn: ShowMissingComponent: [M:Scrabler.ScrablerCore.ReadScriptAndInstall(System.String,System.String)] Missing &lt;param name=&quot;filename&quot;/&gt; documentation
  Warn: ShowMissingComponent: [M:Scrabler.ScrablerCore.ReadScriptAndInstall(System.String,System.String)] Missing &lt;param name=&quot;path&quot;/&gt; documentation
  Warn: ShowMissingComponent: [F:Scrabler.ScrablerCore.scriptextenstion] Missing &lt;summary&gt; documentation
  Warn: ShowMissingComponent: [F:Scrabler.ScrablerCore.ScriptsFolder] Missing &lt;summary&gt; documentation
  Warn: ShowMissingComponent: [F:Scrabler.ScrablerCore.ScriptsFolderDLL] Missing &lt;summary&gt; documentation
  Warn: ShowMissingComponent: [F:Scrabler.ScrablerCore.ScriptsSet] Missing &lt;summary&gt; documentation
  Warn: ShowMissingComponent: [F:Scrabler.ScrablerCore.tForm] Missing &lt;summary&gt; documentation
  Warn: ResolveReferenceLinksComponent2: [F:Scrabler.ScrablerCore.tForm] Unknown reference link target &#39;T:WareForms.WareForm&#39;.
  Warn: ResolveReferenceLinksComponent2: [F:Scrabler.ScrablerCore.tForm] Unknown reference link target &#39;T:WareForms.WareForm&#39;.
  Warn: ResolveReferenceLinksComponent2: [F:Scrabler.ScrablerCore.tForm] Unknown reference link target &#39;T:WareForms.WareForm&#39;.
  Warn: ResolveReferenceLinksComponent2: [F:Scrabler.ScrablerCore.tForm] Unknown reference link target &#39;T:WareForms.WareForm&#39;.
  Warn: ResolveReferenceLinksComponent2: [F:Scrabler.ScrablerCore.tForm] Unknown reference link target &#39;T:WareForms.WareForm&#39;.
  Warn: ResolveReferenceLinksComponent2: [F:Scrabler.ScrablerCore.tForm] Unknown reference link target &#39;T:WareForms.WareForm&#39;.
  Warn: ResolveReferenceLinksComponent2: [F:Scrabler.ScrablerCore.tForm] Unknown reference link target &#39;T:WareForms.WareForm&#39;.
  Warn: ResolveReferenceLinksComponent2: [F:Scrabler.ScrablerCore.tForm] Unknown reference link target &#39;T:WareForms.WareForm&#39;.
  Warn: ShowMissingComponent: [F:Scrabler.ScrablerCore.Titletag] Missing &lt;summary&gt; documentation
  Warn: ShowMissingComponent: [F:Scrabler.ScrablerCore.vb] Missing &lt;summary&gt; documentation
  Warn: ShowMissingComponent: [F:Scrabler.ScrablerInstaller.ReferenceTag] Missing &lt;summary&gt; documentation
  Warn: ShowMissingComponent: [T:Scrabler.ScrablerPlugin] Missing &lt;summary&gt; documentation
  Warn: ShowMissingComponent: [T:Scrabler.ScrablerPluginCollection] Missing &lt;summary&gt; documentation
  Warn: ShowMissingComponent: [M:Scrabler.ScrablerPluginCollection.Add(Scrabler.ScrablerPluginSDK)] Missing &lt;summary&gt; documentation
  Warn: ShowMissingComponent: [M:Scrabler.ScrablerPluginCollection.Add(Scrabler.ScrablerPluginSDK)] Missing &lt;returns&gt; documentation
  Warn: ShowMissingComponent: [M:Scrabler.ScrablerPluginCollection.Add(Scrabler.ScrablerPluginSDK)] Missing &lt;param name=&quot;value&quot;/&gt; documentation
  Warn: ShowMissingComponent: [M:Scrabler.ScrablerPluginCollection.Insert(System.Int32,Scrabler.ScrablerPluginSDK)] Missing &lt;summary&gt; documentation
  Warn: ShowMissingComponent: [M:Scrabler.ScrablerPluginCollection.Insert(System.Int32,Scrabler.ScrablerPluginSDK)] Missing &lt;param name=&quot;index&quot;/&gt; documentation
  Warn: ShowMissingComponent: [M:Scrabler.ScrablerPluginCollection.Insert(System.Int32,Scrabler.ScrablerPluginSDK)] Missing &lt;param name=&quot;value&quot;/&gt; documentation
  Warn: ShowMissingComponent: [M:Scrabler.ScrablerPluginCollection.Remove(Scrabler.ScrablerPluginSDK)] Missing &lt;summary&gt; documentation
  Warn: ShowMissingComponent: [M:Scrabler.ScrablerPluginCollection.Remove(Scrabler.ScrablerPluginSDK)] Missing &lt;param name=&quot;value&quot;/&gt; documentation
  Warn: ShowMissingComponent: [T:Scrabler.ScrablerPluginSDK] Missing &lt;summary&gt; documentation
  Warn: ShowMissingComponent: [F:Scrabler.ScrablerPluginSDK.AppFolder] Missing &lt;summary&gt; documentation
  Warn: ShowMissingComponent: [M:Scrabler.ScrablerPluginSDK.Dispose] Missing &lt;summary&gt; documentation
  Warn: ShowMissingComponent: [M:Scrabler.ScrablerPluginSDK.GetScrablerPluginVersion] Missing &lt;summary&gt; documentation
  Warn: ShowMissingComponent: [M:Scrabler.ScrablerPluginSDK.GetScrablerPluginVersion] Missing &lt;returns&gt; documentation
  Warn: ShowMissingComponent: [M:Scrabler.ScrablerPluginSDK.MakeAction(Scrabler.ScrablerPlugin,System.Object,System.String[])] Missing &lt;summary&gt; documentation
  Warn: ShowMissingComponent: [M:Scrabler.ScrablerPluginSDK.MakeAction(Scrabler.ScrablerPlugin,System.Object,System.String[])] Missing &lt;returns&gt; documentation
  Warn: ShowMissingComponent: [M:Scrabler.ScrablerPluginSDK.MakeAction(Scrabler.ScrablerPlugin,System.Object,System.String[])] Missing &lt;param name=&quot;plugcontent&quot;/&gt; documentation
  Warn: ShowMissingComponent: [M:Scrabler.ScrablerPluginSDK.MakeAction(Scrabler.ScrablerPlugin,System.Object,System.String[])] Missing &lt;param name=&quot;tobj&quot;/&gt; documentation
  Warn: ShowMissingComponent: [M:Scrabler.ScrablerPluginSDK.MakeAction(Scrabler.ScrablerPlugin,System.Object,System.String[])] Missing &lt;param name=&quot;tparam&quot;/&gt; documentation
  Warn: ShowMissingComponent: [P:Scrabler.ScrablerPluginSDK.Name] Missing &lt;summary&gt; documentation
  Warn: ShowMissingComponent: [M:Scrabler.ScrablerPluginSDK.ReadScript(System.String)] Missing &lt;summary&gt; documentation
  Warn: ShowMissingComponent: [M:Scrabler.ScrablerPluginSDK.ReadScript(System.String)] Missing &lt;returns&gt; documentation
  Warn: ShowMissingComponent: [M:Scrabler.ScrablerPluginSDK.ReadScript(System.String)] Missing &lt;param name=&quot;filename&quot;/&gt; documentation
  Warn: ShowMissingComponent: [M:Scrabler.ScrablerPluginSDK.ReadScript(System.String,WareForms.WareForm)] Missing &lt;summary&gt; documentation
  Warn: ShowMissingComponent: [M:Scrabler.ScrablerPluginSDK.ReadScript(System.String,WareForms.WareForm)] Missing &lt;returns&gt; documentation
  Warn: ShowMissingComponent: [M:Scrabler.ScrablerPluginSDK.ReadScript(System.String,WareForms.WareForm)] Missing &lt;param name=&quot;filename&quot;/&gt; documentation
  Warn: ShowMissingComponent: [M:Scrabler.ScrablerPluginSDK.ReadScript(System.String,WareForms.WareForm)] Missing &lt;param name=&quot;gui&quot;/&gt; documentation
  Warn: ResolveReferenceLinksComponent2: [M:Scrabler.ScrablerPluginSDK.ReadScript(System.String,WareForms.WareForm)] Unknown reference link target &#39;T:WareForms.WareForm&#39;.
  Warn: ResolveReferenceLinksComponent2: [M:Scrabler.ScrablerPluginSDK.ReadScript(System.String,WareForms.WareForm)] Unknown reference link target &#39;T:WareForms.WareForm&#39;.
  Warn: ResolveReferenceLinksComponent2: [M:Scrabler.ScrablerPluginSDK.ReadScript(System.String,WareForms.WareForm)] Unknown reference link target &#39;T:WareForms.WareForm&#39;.
  Warn: ResolveReferenceLinksComponent2: [M:Scrabler.ScrablerPluginSDK.ReadScript(System.String,WareForms.WareForm)] Unknown reference link target &#39;T:WareForms.WareForm&#39;.
  Warn: ResolveReferenceLinksComponent2: [M:Scrabler.ScrablerPluginSDK.ReadScript(System.String,WareForms.WareForm)] Unknown reference link target &#39;T:WareForms.WareForm&#39;.
  Warn: ResolveReferenceLinksComponent2: [M:Scrabler.ScrablerPluginSDK.ReadScript(System.String,WareForms.WareForm)] Unknown reference link target &#39;T:WareForms.WareForm&#39;.
  Warn: ResolveReferenceLinksComponent2: [M:Scrabler.ScrablerPluginSDK.ReadScript(System.String,WareForms.WareForm)] Unknown reference link target &#39;T:WareForms.WareForm&#39;.
  Warn: ResolveReferenceLinksComponent2: [M:Scrabler.ScrablerPluginSDK.ReadScript(System.String,WareForms.WareForm)] Unknown reference link target &#39;T:WareForms.WareForm&#39;.
  Warn: ShowMissingComponent: [M:Scrabler.ScrablerPluginsLoader.Create(System.Object,System.Object,System.Xml.XmlNode)] Missing &lt;returns&gt; documentation
  Warn: ShowMissingComponent: [M:Scrabler.ScrablerPluginsLoader.Create(System.Object,System.Object,System.Xml.XmlNode)] Missing &lt;param name=&quot;parent&quot;/&gt; documentation
  Warn: ShowMissingComponent: [M:Scrabler.ScrablerPluginsLoader.Create(System.Object,System.Object,System.Xml.XmlNode)] Missing &lt;param name=&quot;configContext&quot;/&gt; documentation
  Warn: ShowMissingComponent: [M:Scrabler.ScrablerPluginsLoader.GetHydrobaseScrablerPluginsInfo(Scrabler.ScrablerPluginCollection)] Missing &lt;summary&gt; documentation
  Warn: ShowMissingComponent: [M:Scrabler.ScrablerPluginsLoader.GetHydrobaseScrablerPluginsInfo(Scrabler.ScrablerPluginCollection)] Missing &lt;returns&gt; documentation
  Warn: ShowMissingComponent: [M:Scrabler.ScrablerPluginsLoader.GetHydrobaseScrablerPluginsInfo(Scrabler.ScrablerPluginCollection)] Missing &lt;param name=&quot;HyPlugColl&quot;/&gt; documentation
  Warn: ShowMissingComponent: [M:Scrabler.ScrablerPluginsLoader.GetScrablerPluginsLoaderVersion] Missing &lt;returns&gt; documentation
  Warn: ShowMissingComponent: [T:Scrabler.ScrablerSettings] Missing &lt;summary&gt; documentation
  Warn: ShowMissingComponent: [T:Scrabler.ScrablerV2] Missing &lt;summary&gt; documentation
  Warn: ShowMissingComponent: [M:Scrabler.ScrablerV2.EvalWithParams(System.String[],System.String,System.String,System.String,System.String,System.String[],WareForms.WareForm,Scrabler.ScriptInfo)] Missing &lt;summary&gt; documentation
  Warn: ShowMissingComponent: [M:Scrabler.ScrablerV2.EvalWithParams(System.String[],System.String,System.String,System.String,System.String,System.String[],WareForms.WareForm,Scrabler.ScriptInfo)] Missing &lt;returns&gt; documentation
  Warn: ShowMissingComponent: [M:Scrabler.ScrablerV2.EvalWithParams(System.String[],System.String,System.String,System.String,System.String,System.String[],WareForms.WareForm,Scrabler.ScriptInfo)] Missing &lt;param name=&quot;sCSCode&quot;/&gt; documentation
  Warn: ShowMissingComponent: [M:Scrabler.ScrablerV2.EvalWithParams(System.String[],System.String,System.String,System.String,System.String,System.String[],WareForms.WareForm,Scrabler.ScriptInfo)] Missing &lt;param name=&quot;scriptname&quot;/&gt; documentation
  Warn: ShowMissingComponent: [M:Scrabler.ScrablerV2.EvalWithParams(System.String[],System.String,System.String,System.String,System.String,System.String[],WareForms.WareForm,Scrabler.ScriptInfo)] Missing &lt;param name=&quot;NameSapce&quot;/&gt; documentation
  Warn: ShowMissingComponent: [M:Scrabler.ScrablerV2.EvalWithParams(System.String[],System.String,System.String,System.String,System.String,System.String[],WareForms.WareForm,Scrabler.ScriptInfo)] Missing &lt;param name=&quot;Clas&quot;/&gt; documentation
  Warn: ShowMissingComponent: [M:Scrabler.ScrablerV2.EvalWithParams(System.String[],System.String,System.String,System.String,System.String,System.String[],WareForms.WareForm,Scrabler.ScriptInfo)] Missing &lt;param name=&quot;func&quot;/&gt; documentation
  Warn: ShowMissingComponent: [M:Scrabler.ScrablerV2.EvalWithParams(System.String[],System.String,System.String,System.String,System.String,System.String[],WareForms.WareForm,Scrabler.ScriptInfo)] Missing &lt;param name=&quot;refs&quot;/&gt; documentation
  Warn: ShowMissingComponent: [M:Scrabler.ScrablerV2.EvalWithParams(System.String[],System.String,System.String,System.String,System.String,System.String[],WareForms.WareForm,Scrabler.ScriptInfo)] Missing &lt;param name=&quot;winGUI&quot;/&gt; documentation
  Warn: ShowMissingComponent: [M:Scrabler.ScrablerV2.EvalWithParams(System.String[],System.String,System.String,System.String,System.String,System.String[],WareForms.WareForm,Scrabler.ScriptInfo)] Missing &lt;param name=&quot;scrinf&quot;/&gt; documentation
  Warn: ResolveReferenceLinksComponent2: [M:Scrabler.ScrablerV2.EvalWithParams(System.String[],System.String,System.String,System.String,System.String,System.String[],WareForms.WareForm,Scrabler.ScriptInfo)] Unknown reference link target &#39;T:WareForms.WareForm&#39;.
  Warn: ResolveReferenceLinksComponent2: [M:Scrabler.ScrablerV2.EvalWithParams(System.String[],System.String,System.String,System.String,System.String,System.String[],WareForms.WareForm,Scrabler.ScriptInfo)] Unknown reference link target &#39;T:WareForms.WareForm&#39;.
  Warn: ResolveReferenceLinksComponent2: [M:Scrabler.ScrablerV2.EvalWithParams(System.String[],System.String,System.String,System.String,System.String,System.String[],WareForms.WareForm,Scrabler.ScriptInfo)] Unknown reference link target &#39;T:WareForms.WareForm&#39;.
  Warn: ResolveReferenceLinksComponent2: [M:Scrabler.ScrablerV2.EvalWithParams(System.String[],System.String,System.String,System.String,System.String,System.String[],WareForms.WareForm,Scrabler.ScriptInfo)] Unknown reference link target &#39;T:WareForms.WareForm&#39;.
  Warn: ResolveReferenceLinksComponent2: [M:Scrabler.ScrablerV2.EvalWithParams(System.String[],System.String,System.String,System.String,System.String,System.String[],WareForms.WareForm,Scrabler.ScriptInfo)] Unknown reference link target &#39;T:WareForms.WareForm&#39;.
  Warn: ResolveReferenceLinksComponent2: [M:Scrabler.ScrablerV2.EvalWithParams(System.String[],System.String,System.String,System.String,System.String,System.String[],WareForms.WareForm,Scrabler.ScriptInfo)] Unknown reference link target &#39;T:WareForms.WareForm&#39;.
  Warn: ResolveReferenceLinksComponent2: [M:Scrabler.ScrablerV2.EvalWithParams(System.String[],System.String,System.String,System.String,System.String,System.String[],WareForms.WareForm,Scrabler.ScriptInfo)] Unknown reference link target &#39;T:WareForms.WareForm&#39;.
  Warn: ResolveReferenceLinksComponent2: [M:Scrabler.ScrablerV2.EvalWithParams(System.String[],System.String,System.String,System.String,System.String,System.String[],WareForms.WareForm,Scrabler.ScriptInfo)] Unknown reference link target &#39;T:WareForms.WareForm&#39;.
  Warn: ResolveReferenceLinksComponent2: [M:Scrabler.ScrablerV2.ReadScript(System.String,WareForms.WareForm)] Unknown reference link target &#39;T:WareForms.WareForm&#39;.
  Warn: ResolveReferenceLinksComponent2: [M:Scrabler.ScrablerV2.ReadScript(System.String,WareForms.WareForm)] Unknown reference link target &#39;T:WareForms.WareForm&#39;.
  Warn: ResolveReferenceLinksComponent2: [M:Scrabler.ScrablerV2.ReadScript(System.String,WareForms.WareForm)] Unknown reference link target &#39;T:WareForms.WareForm&#39;.
  Warn: ResolveReferenceLinksComponent2: [M:Scrabler.ScrablerV2.ReadScript(System.String,WareForms.WareForm)] Unknown reference link target &#39;T:WareForms.WareForm&#39;.
  Warn: ResolveReferenceLinksComponent2: [M:Scrabler.ScrablerV2.ReadScript(System.String,WareForms.WareForm)] Unknown reference link target &#39;T:WareForms.WareForm&#39;.
  Warn: ResolveReferenceLinksComponent2: [M:Scrabler.ScrablerV2.ReadScript(System.String,WareForms.WareForm)] Unknown reference link target &#39;T:WareForms.WareForm&#39;.
  Warn: ResolveReferenceLinksComponent2: [M:Scrabler.ScrablerV2.ReadScript(System.String,WareForms.WareForm)] Unknown reference link target &#39;T:WareForms.WareForm&#39;.
  Warn: ResolveReferenceLinksComponent2: [M:Scrabler.ScrablerV2.ReadScript(System.String,WareForms.WareForm)] Unknown reference link target &#39;T:WareForms.WareForm&#39;.
  Warn: ShowMissingComponent: [M:Scrabler.ScrablerV2.SaveErrorrs(System.CodeDom.Compiler.CompilerErrorCollection)] Missing &lt;param name=&quot;compilererrcol&quot;/&gt; documentation
  Warn: ShowMissingComponent: [T:Scrabler.ScriptRepo] Missing &lt;summary&gt; documentation
  Warn: ShowMissingComponent: [N:Scrabler.Controls] Missing &lt;summary&gt; documentation
  Warn: ShowMissingComponent: [T:Scrabler.Controls.ConsoleBox] Missing &lt;summary&gt; documentation
  Warn: ShowMissingComponent: [F:Scrabler.Controls.ConsoleBox.PowerShellOutput] Missing &lt;summary&gt; documentation
  Warn: ShowMissingComponent: [P:Scrabler.Controls.ConsoleBox.SecureDirs] Missing &lt;summary&gt; documentation
  Warn: ShowMissingComponent: [T:Scrabler.Controls.TabConsoleControl] Missing &lt;summary&gt; documentation
  Warn: ShowMissingComponent: [P:Scrabler.Controls.TabConsoleControl.IngoreKeys] Missing &lt;summary&gt; documentation
  Warn: ShowMissingComponent: [P:Scrabler.Controls.TabConsoleControl.SecureDirs] Missing &lt;summary&gt; documentation
  Warn: ShowMissingComponent: [P:Scrabler.Controls.TabConsoleControl.TabControl] Missing &lt;summary&gt; documentation
  Warn: ShowMissingComponent: [N:Scrabler.IDE] Missing &lt;summary&gt; documentation
  Warn: ShowMissingComponent: [T:Scrabler.IDE.ScriptEditor] Missing &lt;summary&gt; documentation
  Warn: ShowMissingComponent: [M:Scrabler.IDE.ScriptEditor.#ctor(System.String)] Missing &lt;param name=&quot;filename&quot;/&gt; documentation
  Warn: ShowMissingComponent: [N:Scrabler.Tools] Missing &lt;summary&gt; documentation
  Warn: ShowMissingComponent: [M:Scrabler.Tools.ProcessWatcher.ReStart] Missing &lt;returns&gt; documentation
  Warn: ShowMissingComponent: [M:Scrabler.Tools.ProcessWatcher.setOnTimeEvent] Missing &lt;summary&gt; documentation
  Warn: ShowMissingComponent: [N:Scrabler.Tools.Helpers.Hardware] Missing &lt;summary&gt; documentation
  Warn: ShowMissingComponent: [T:Scrabler.Tools.Helpers.Hardware.HH_Lib] Missing &lt;summary&gt; documentation
  Warn: ShowMissingComponent: [M:Scrabler.Tools.Helpers.Hardware.HH_Lib.CutLooseHardwareNotifications(System.IntPtr)] Missing &lt;summary&gt; documentation
  Warn: ShowMissingComponent: [M:Scrabler.Tools.Helpers.Hardware.HH_Lib.CutLooseHardwareNotifications(System.IntPtr)] Missing &lt;param name=&quot;callback&quot;/&gt; documentation
  Warn: ShowMissingComponent: [M:Scrabler.Tools.Helpers.Hardware.HH_Lib.GetAll] Missing &lt;summary&gt; documentation
  Warn: ShowMissingComponent: [M:Scrabler.Tools.Helpers.Hardware.HH_Lib.GetAll] Missing &lt;returns&gt; documentation
  Warn: ShowMissingComponent: [M:Scrabler.Tools.Helpers.Hardware.HH_Lib.HookHardwareNotifications(System.IntPtr,System.Boolean)] Missing &lt;summary&gt; documentation
  Warn: ShowMissingComponent: [M:Scrabler.Tools.Helpers.Hardware.HH_Lib.HookHardwareNotifications(System.IntPtr,System.Boolean)] Missing &lt;returns&gt; documentation
  Warn: ShowMissingComponent: [M:Scrabler.Tools.Helpers.Hardware.HH_Lib.HookHardwareNotifications(System.IntPtr,System.Boolean)] Missing &lt;param name=&quot;callback&quot;/&gt; documentation
  Warn: ShowMissingComponent: [M:Scrabler.Tools.Helpers.Hardware.HH_Lib.HookHardwareNotifications(System.IntPtr,System.Boolean)] Missing &lt;param name=&quot;UseWindowHandle&quot;/&gt; documentation
  Warn: ShowMissingComponent: [M:Scrabler.Tools.Helpers.Hardware.HH_Lib.SetDeviceState(System.String[],System.Boolean)] Missing &lt;summary&gt; documentation
  Warn: ShowMissingComponent: [M:Scrabler.Tools.Helpers.Hardware.HH_Lib.SetDeviceState(System.String[],System.Boolean)] Missing &lt;returns&gt; documentation
  Warn: ShowMissingComponent: [M:Scrabler.Tools.Helpers.Hardware.HH_Lib.SetDeviceState(System.String[],System.Boolean)] Missing &lt;param name=&quot;match&quot;/&gt; documentation
  Warn: ShowMissingComponent: [M:Scrabler.Tools.Helpers.Hardware.HH_Lib.SetDeviceState(System.String[],System.Boolean)] Missing &lt;param name=&quot;bEnable&quot;/&gt; documentation
  Warn: ShowMissingComponent: [M:Scrabler.Tools.Helpers.Hardware.Monitor.LockWorkStation] Missing &lt;summary&gt; documentation
  Warn: ShowMissingComponent: [M:Scrabler.Tools.Helpers.Hardware.Monitor.LockWorkStation] Missing &lt;returns&gt; documentation
  Warn: ShowMissingComponent: [M:Scrabler.Tools.Helpers.Hardware.Monitor.SendMessage(System.Int32,System.Int32,System.Int32,System.Int32)] Missing &lt;summary&gt; documentation
  Warn: ShowMissingComponent: [M:Scrabler.Tools.Helpers.Hardware.Monitor.SendMessage(System.Int32,System.Int32,System.Int32,System.Int32)] Missing &lt;returns&gt; documentation
  Warn: ShowMissingComponent: [M:Scrabler.Tools.Helpers.Hardware.Monitor.SendMessage(System.Int32,System.Int32,System.Int32,System.Int32)] Missing &lt;param name=&quot;hWnd&quot;/&gt; documentation
  Warn: ShowMissingComponent: [M:Scrabler.Tools.Helpers.Hardware.Monitor.SendMessage(System.Int32,System.Int32,System.Int32,System.Int32)] Missing &lt;param name=&quot;Msg&quot;/&gt; documentation
  Warn: ShowMissingComponent: [M:Scrabler.Tools.Helpers.Hardware.Monitor.SendMessage(System.Int32,System.Int32,System.Int32,System.Int32)] Missing &lt;param name=&quot;wParam&quot;/&gt; documentation
  Warn: ShowMissingComponent: [M:Scrabler.Tools.Helpers.Hardware.Monitor.SendMessage(System.Int32,System.Int32,System.Int32,System.Int32)] Missing &lt;param name=&quot;lParam&quot;/&gt; documentation
  Warn: ShowMissingComponent: [M:Scrabler.Tools.Helpers.Hardware.Monitor.TurnOffMonitor(System.Int32)] Missing &lt;param name=&quot;hwnd&quot;/&gt; documentation
  Warn: ShowMissingComponent: [M:Scrabler.Tools.Helpers.Hardware.Monitor.TurnOnMonitor(System.Int32)] Missing &lt;param name=&quot;hwnd&quot;/&gt; documentation
  Warn: ShowMissingComponent: [T:Scrabler.Tools.Helpers.Hardware.Native] Missing &lt;summary&gt; documentation
  Warn: ShowMissingComponent: [F:Scrabler.Tools.Helpers.Hardware.Native.DBT_DEVNODES_CHANGED] Missing &lt;summary&gt; documentation
  Warn: ShowMissingComponent: [F:Scrabler.Tools.Helpers.Hardware.Native.DBT_DEVTYP_DEVICEINTERFACE] Missing &lt;summary&gt; documentation
  Warn: ShowMissingComponent: [F:Scrabler.Tools.Helpers.Hardware.Native.DEVICE_NOTIFY_ALL_INTERFACE_CLASSES] Missing &lt;summary&gt; documentation
  Warn: ShowMissingComponent: [F:Scrabler.Tools.Helpers.Hardware.Native.DEVICE_NOTIFY_SERVICE_HANDLE] Missing &lt;summary&gt; documentation
  Warn: ShowMissingComponent: [F:Scrabler.Tools.Helpers.Hardware.Native.DEVICE_NOTIFY_WINDOW_HANDLE] Missing &lt;summary&gt; documentation
  Warn: ShowMissingComponent: [F:Scrabler.Tools.Helpers.Hardware.Native.DICS_DISABLE] Missing &lt;summary&gt; documentation
  Warn: ShowMissingComponent: [F:Scrabler.Tools.Helpers.Hardware.Native.DICS_ENABLE] Missing &lt;summary&gt; documentation
  Warn: ShowMissingComponent: [F:Scrabler.Tools.Helpers.Hardware.Native.DICS_FLAG_CONFIGSPECIFIC] Missing &lt;summary&gt; documentation
  Warn: ShowMissingComponent: [F:Scrabler.Tools.Helpers.Hardware.Native.DICS_FLAG_GLOBAL] Missing &lt;summary&gt; documentation
  Warn: ShowMissingComponent: [F:Scrabler.Tools.Helpers.Hardware.Native.DIF_PROPERTYCHANGE] Missing &lt;summary&gt; documentation
  Warn: ShowMissingComponent: [F:Scrabler.Tools.Helpers.Hardware.Native.DIGCF_ALLCLASSES] Missing &lt;summary&gt; documentation
  Warn: ShowMissingComponent: [F:Scrabler.Tools.Helpers.Hardware.Native.DIGCF_PRESENT] Missing &lt;summary&gt; documentation
  Warn: ShowMissingComponent: [F:Scrabler.Tools.Helpers.Hardware.Native.INVALID_HANDLE_VALUE] Missing &lt;summary&gt; documentation
  Warn: ShowMissingComponent: [F:Scrabler.Tools.Helpers.Hardware.Native.MAX_DEV_LEN] Missing &lt;summary&gt; documentation
  Warn: ShowMissingComponent: [M:Scrabler.Tools.Helpers.Hardware.Native.RegisterDeviceNotification(System.IntPtr,Scrabler.Tools.Helpers.Hardware.Native.DEV_BROADCAST_DEVICEINTERFACE,System.UInt32)] Missing &lt;summary&gt; documentation
  Warn: ShowMissingComponent: [M:Scrabler.Tools.Helpers.Hardware.Native.RegisterDeviceNotification(System.IntPtr,Scrabler.Tools.Helpers.Hardware.Native.DEV_BROADCAST_DEVICEINTERFACE,System.UInt32)] Missing &lt;returns&gt; documentation
  Warn: ShowMissingComponent: [M:Scrabler.Tools.Helpers.Hardware.Native.RegisterDeviceNotification(System.IntPtr,Scrabler.Tools.Helpers.Hardware.Native.DEV_BROADCAST_DEVICEINTERFACE,System.UInt32)] Missing &lt;param name=&quot;hRecipient&quot;/&gt; documentation
  Warn: ShowMissingComponent: [M:Scrabler.Tools.Helpers.Hardware.Native.RegisterDeviceNotification(System.IntPtr,Scrabler.Tools.Helpers.Hardware.Native.DEV_BROADCAST_DEVICEINTERFACE,System.UInt32)] Missing &lt;param name=&quot;NotificationFilter&quot;/&gt; documentation
  Warn: ShowMissingComponent: [M:Scrabler.Tools.Helpers.Hardware.Native.RegisterDeviceNotification(System.IntPtr,Scrabler.Tools.Helpers.Hardware.Native.DEV_BROADCAST_DEVICEINTERFACE,System.UInt32)] Missing &lt;param name=&quot;Flags&quot;/&gt; documentation
  Warn: ShowMissingComponent: [M:Scrabler.Tools.Helpers.Hardware.Native.SetupDiCallClassInstaller(System.UInt32,System.IntPtr,System.IntPtr)] Missing &lt;summary&gt; documentation
  Warn: ShowMissingComponent: [M:Scrabler.Tools.Helpers.Hardware.Native.SetupDiCallClassInstaller(System.UInt32,System.IntPtr,System.IntPtr)] Missing &lt;returns&gt; documentation
  Warn: ShowMissingComponent: [M:Scrabler.Tools.Helpers.Hardware.Native.SetupDiCallClassInstaller(System.UInt32,System.IntPtr,System.IntPtr)] Missing &lt;param name=&quot;InstallFunction&quot;/&gt; documentation
  Warn: ShowMissingComponent: [M:Scrabler.Tools.Helpers.Hardware.Native.SetupDiCallClassInstaller(System.UInt32,System.IntPtr,System.IntPtr)] Missing &lt;param name=&quot;DeviceInfoSet&quot;/&gt; documentation
  Warn: ShowMissingComponent: [M:Scrabler.Tools.Helpers.Hardware.Native.SetupDiCallClassInstaller(System.UInt32,System.IntPtr,System.IntPtr)] Missing &lt;param name=&quot;DeviceInfoData&quot;/&gt; documentation
  Warn: ShowMissingComponent: [M:Scrabler.Tools.Helpers.Hardware.Native.SetupDiDestroyDeviceInfoList(System.IntPtr)] Missing &lt;summary&gt; documentation
  Warn: ShowMissingComponent: [M:Scrabler.Tools.Helpers.Hardware.Native.SetupDiDestroyDeviceInfoList(System.IntPtr)] Missing &lt;returns&gt; documentation
  Warn: ShowMissingComponent: [M:Scrabler.Tools.Helpers.Hardware.Native.SetupDiDestroyDeviceInfoList(System.IntPtr)] Missing &lt;param name=&quot;lpInfoSet&quot;/&gt; documentation
  Warn: ShowMissingComponent: [M:Scrabler.Tools.Helpers.Hardware.Native.SetupDiEnumDeviceInfo(System.IntPtr,System.UInt32,Scrabler.Tools.Helpers.Hardware.Native.SP_DEVINFO_DATA)] Missing &lt;summary&gt; documentation
  Warn: ShowMissingComponent: [M:Scrabler.Tools.Helpers.Hardware.Native.SetupDiEnumDeviceInfo(System.IntPtr,System.UInt32,Scrabler.Tools.Helpers.Hardware.Native.SP_DEVINFO_DATA)] Missing &lt;returns&gt; documentation
  Warn: ShowMissingComponent: [M:Scrabler.Tools.Helpers.Hardware.Native.SetupDiEnumDeviceInfo(System.IntPtr,System.UInt32,Scrabler.Tools.Helpers.Hardware.Native.SP_DEVINFO_DATA)] Missing &lt;param name=&quot;lpInfoSet&quot;/&gt; documentation
  Warn: ShowMissingComponent: [M:Scrabler.Tools.Helpers.Hardware.Native.SetupDiEnumDeviceInfo(System.IntPtr,System.UInt32,Scrabler.Tools.Helpers.Hardware.Native.SP_DEVINFO_DATA)] Missing &lt;param name=&quot;dwIndex&quot;/&gt; documentation
  Warn: ShowMissingComponent: [M:Scrabler.Tools.Helpers.Hardware.Native.SetupDiEnumDeviceInfo(System.IntPtr,System.UInt32,Scrabler.Tools.Helpers.Hardware.Native.SP_DEVINFO_DATA)] Missing &lt;param name=&quot;devInfoData&quot;/&gt; documentation
  Warn: ShowMissingComponent: [M:Scrabler.Tools.Helpers.Hardware.Native.SetupDiGetClassDevs(System.Guid@,System.UInt32,System.IntPtr,System.UInt32)] Missing &lt;summary&gt; documentation
  Warn: ShowMissingComponent: [M:Scrabler.Tools.Helpers.Hardware.Native.SetupDiGetClassDevs(System.Guid@,System.UInt32,System.IntPtr,System.UInt32)] Missing &lt;returns&gt; documentation
  Warn: ShowMissingComponent: [M:Scrabler.Tools.Helpers.Hardware.Native.SetupDiGetClassDevs(System.Guid@,System.UInt32,System.IntPtr,System.UInt32)] Missing &lt;param name=&quot;gClass&quot;/&gt; documentation
  Warn: ShowMissingComponent: [M:Scrabler.Tools.Helpers.Hardware.Native.SetupDiGetClassDevs(System.Guid@,System.UInt32,System.IntPtr,System.UInt32)] Missing &lt;param name=&quot;iEnumerator&quot;/&gt; documentation
  Warn: ShowMissingComponent: [M:Scrabler.Tools.Helpers.Hardware.Native.SetupDiGetClassDevs(System.Guid@,System.UInt32,System.IntPtr,System.UInt32)] Missing &lt;param name=&quot;hParent&quot;/&gt; documentation
  Warn: ShowMissingComponent: [M:Scrabler.Tools.Helpers.Hardware.Native.SetupDiGetClassDevs(System.Guid@,System.UInt32,System.IntPtr,System.UInt32)] Missing &lt;param name=&quot;nFlags&quot;/&gt; documentation
  Warn: ShowMissingComponent: [M:Scrabler.Tools.Helpers.Hardware.Native.SetupDiGetDeviceRegistryProperty(System.IntPtr,Scrabler.Tools.Helpers.Hardware.Native.SP_DEVINFO_DATA,System.UInt32,System.UInt32,System.Text.StringBuilder,System.UInt32,System.IntPtr)] Missing &lt;summary&gt; documentation
  Warn: ShowMissingComponent: [M:Scrabler.Tools.Helpers.Hardware.Native.SetupDiGetDeviceRegistryProperty(System.IntPtr,Scrabler.Tools.Helpers.Hardware.Native.SP_DEVINFO_DATA,System.UInt32,System.UInt32,System.Text.StringBuilder,System.UInt32,System.IntPtr)] Missing &lt;returns&gt; documentation
  Warn: ShowMissingComponent: [M:Scrabler.Tools.Helpers.Hardware.Native.SetupDiGetDeviceRegistryProperty(System.IntPtr,Scrabler.Tools.Helpers.Hardware.Native.SP_DEVINFO_DATA,System.UInt32,System.UInt32,System.Text.StringBuilder,System.UInt32,System.IntPtr)] Missing &lt;param name=&quot;lpInfoSet&quot;/&gt; documentation
  Warn: ShowMissingComponent: [M:Scrabler.Tools.Helpers.Hardware.Native.SetupDiGetDeviceRegistryProperty(System.IntPtr,Scrabler.Tools.Helpers.Hardware.Native.SP_DEVINFO_DATA,System.UInt32,System.UInt32,System.Text.StringBuilder,System.UInt32,System.IntPtr)] Missing &lt;param name=&quot;DeviceInfoData&quot;/&gt; documentation
  Warn: ShowMissingComponent: [M:Scrabler.Tools.Helpers.Hardware.Native.SetupDiGetDeviceRegistryProperty(System.IntPtr,Scrabler.Tools.Helpers.Hardware.Native.SP_DEVINFO_DATA,System.UInt32,System.UInt32,System.Text.StringBuilder,System.UInt32,System.IntPtr)] Missing &lt;param name=&quot;Property&quot;/&gt; documentation
  Warn: ShowMissingComponent: [M:Scrabler.Tools.Helpers.Hardware.Native.SetupDiGetDeviceRegistryProperty(System.IntPtr,Scrabler.Tools.Helpers.Hardware.Native.SP_DEVINFO_DATA,System.UInt32,System.UInt32,System.Text.StringBuilder,System.UInt32,System.IntPtr)] Missing &lt;param name=&quot;PropertyRegDataType&quot;/&gt; documentation
  Warn: ShowMissingComponent: [M:Scrabler.Tools.Helpers.Hardware.Native.SetupDiGetDeviceRegistryProperty(System.IntPtr,Scrabler.Tools.Helpers.Hardware.Native.SP_DEVINFO_DATA,System.UInt32,System.UInt32,System.Text.StringBuilder,System.UInt32,System.IntPtr)] Missing &lt;param name=&quot;PropertyBuffer&quot;/&gt; documentation
  Warn: ShowMissingComponent: [M:Scrabler.Tools.Helpers.Hardware.Native.SetupDiGetDeviceRegistryProperty(System.IntPtr,Scrabler.Tools.Helpers.Hardware.Native.SP_DEVINFO_DATA,System.UInt32,System.UInt32,System.Text.StringBuilder,System.UInt32,System.IntPtr)] Missing &lt;param name=&quot;PropertyBufferSize&quot;/&gt; documentation
  Warn: ShowMissingComponent: [M:Scrabler.Tools.Helpers.Hardware.Native.SetupDiGetDeviceRegistryProperty(System.IntPtr,Scrabler.Tools.Helpers.Hardware.Native.SP_DEVINFO_DATA,System.UInt32,System.UInt32,System.Text.StringBuilder,System.UInt32,System.IntPtr)] Missing &lt;param name=&quot;RequiredSize&quot;/&gt; documentation
  Warn: ShowMissingComponent: [M:Scrabler.Tools.Helpers.Hardware.Native.SetupDiSetClassInstallParams(System.IntPtr,System.IntPtr,System.IntPtr,System.Int32)] Missing &lt;summary&gt; documentation
  Warn: ShowMissingComponent: [M:Scrabler.Tools.Helpers.Hardware.Native.SetupDiSetClassInstallParams(System.IntPtr,System.IntPtr,System.IntPtr,System.Int32)] Missing &lt;returns&gt; documentation
  Warn: ShowMissingComponent: [M:Scrabler.Tools.Helpers.Hardware.Native.SetupDiSetClassInstallParams(System.IntPtr,System.IntPtr,System.IntPtr,System.Int32)] Missing &lt;param name=&quot;DeviceInfoSet&quot;/&gt; documentation
  Warn: ShowMissingComponent: [M:Scrabler.Tools.Helpers.Hardware.Native.SetupDiSetClassInstallParams(System.IntPtr,System.IntPtr,System.IntPtr,System.Int32)] Missing &lt;param name=&quot;DeviceInfoData&quot;/&gt; documentation
  Warn: ShowMissingComponent: [M:Scrabler.Tools.Helpers.Hardware.Native.SetupDiSetClassInstallParams(System.IntPtr,System.IntPtr,System.IntPtr,System.Int32)] Missing &lt;param name=&quot;ClassInstallParams&quot;/&gt; documentation
  Warn: ShowMissingComponent: [M:Scrabler.Tools.Helpers.Hardware.Native.SetupDiSetClassInstallParams(System.IntPtr,System.IntPtr,System.IntPtr,System.Int32)] Missing &lt;param name=&quot;ClassInstallParamsSize&quot;/&gt; documentation
  Warn: ShowMissingComponent: [F:Scrabler.Tools.Helpers.Hardware.Native.SPDRP_DEVICEDESC] Missing &lt;summary&gt; documentation
  Warn: ShowMissingComponent: [M:Scrabler.Tools.Helpers.Hardware.Native.UnregisterDeviceNotification(System.IntPtr)] Missing &lt;summary&gt; documentation
  Warn: ShowMissingComponent: [M:Scrabler.Tools.Helpers.Hardware.Native.UnregisterDeviceNotification(System.IntPtr)] Missing &lt;returns&gt; documentation
  Warn: ShowMissingComponent: [M:Scrabler.Tools.Helpers.Hardware.Native.UnregisterDeviceNotification(System.IntPtr)] Missing &lt;param name=&quot;hHandle&quot;/&gt; documentation
  Warn: ShowMissingComponent: [F:Scrabler.Tools.Helpers.Hardware.Native.WM_DEVICECHANGE] Missing &lt;summary&gt; documentation
  Warn: ShowMissingComponent: [T:Scrabler.Tools.Helpers.Hardware.Native.DEV_BROADCAST_DEVICEINTERFACE] Missing &lt;summary&gt; documentation
  Warn: ShowMissingComponent: [F:Scrabler.Tools.Helpers.Hardware.Native.DEV_BROADCAST_DEVICEINTERFACE.dbcc_devicetype] Missing &lt;summary&gt; documentation
  Warn: ShowMissingComponent: [F:Scrabler.Tools.Helpers.Hardware.Native.DEV_BROADCAST_DEVICEINTERFACE.dbcc_reserved] Missing &lt;summary&gt; documentation
  Warn: ShowMissingComponent: [F:Scrabler.Tools.Helpers.Hardware.Native.DEV_BROADCAST_DEVICEINTERFACE.dbcc_size] Missing &lt;summary&gt; documentation
  Warn: ShowMissingComponent: [T:Scrabler.Tools.Helpers.Hardware.Native.DEV_BROADCAST_HANDLE] Missing &lt;summary&gt; documentation
  Warn: ShowMissingComponent: [F:Scrabler.Tools.Helpers.Hardware.Native.DEV_BROADCAST_HANDLE.dbch_data] Missing &lt;summary&gt; documentation
  Warn: ShowMissingComponent: [F:Scrabler.Tools.Helpers.Hardware.Native.DEV_BROADCAST_HANDLE.dbch_data1] Missing &lt;summary&gt; documentation
  Warn: ShowMissingComponent: [F:Scrabler.Tools.Helpers.Hardware.Native.DEV_BROADCAST_HANDLE.dbch_devicetype] Missing &lt;summary&gt; documentation
  Warn: ShowMissingComponent: [F:Scrabler.Tools.Helpers.Hardware.Native.DEV_BROADCAST_HANDLE.dbch_eventguid] Missing &lt;summary&gt; documentation
  Warn: ShowMissingComponent: [F:Scrabler.Tools.Helpers.Hardware.Native.DEV_BROADCAST_HANDLE.dbch_handle] Missing &lt;summary&gt; documentation
  Warn: ShowMissingComponent: [F:Scrabler.Tools.Helpers.Hardware.Native.DEV_BROADCAST_HANDLE.dbch_hdevnotify] Missing &lt;summary&gt; documentation
  Warn: ShowMissingComponent: [F:Scrabler.Tools.Helpers.Hardware.Native.DEV_BROADCAST_HANDLE.dbch_nameoffset] Missing &lt;summary&gt; documentation
  Warn: ShowMissingComponent: [F:Scrabler.Tools.Helpers.Hardware.Native.DEV_BROADCAST_HANDLE.dbch_reserved] Missing &lt;summary&gt; documentation
  Warn: ShowMissingComponent: [F:Scrabler.Tools.Helpers.Hardware.Native.DEV_BROADCAST_HANDLE.dbch_size] Missing &lt;summary&gt; documentation
  Warn: ShowMissingComponent: [T:Scrabler.Tools.Helpers.Hardware.Native.SP_CLASSINSTALL_HEADER] Missing &lt;summary&gt; documentation
  Warn: ShowMissingComponent: [F:Scrabler.Tools.Helpers.Hardware.Native.SP_CLASSINSTALL_HEADER.cbSize] Missing &lt;summary&gt; documentation
  Warn: ShowMissingComponent: [F:Scrabler.Tools.Helpers.Hardware.Native.SP_CLASSINSTALL_HEADER.InstallFunction] Missing &lt;summary&gt; documentation
  Warn: ShowMissingComponent: [T:Scrabler.Tools.Helpers.Hardware.Native.SP_DEVINFO_DATA] Missing &lt;summary&gt; documentation
  Warn: ShowMissingComponent: [F:Scrabler.Tools.Helpers.Hardware.Native.SP_DEVINFO_DATA.cbSize] Missing &lt;summary&gt; documentation
  Warn: ShowMissingComponent: [F:Scrabler.Tools.Helpers.Hardware.Native.SP_DEVINFO_DATA.classGuid] Missing &lt;summary&gt; documentation
  Warn: ShowMissingComponent: [F:Scrabler.Tools.Helpers.Hardware.Native.SP_DEVINFO_DATA.devInst] Missing &lt;summary&gt; documentation
  Warn: ShowMissingComponent: [F:Scrabler.Tools.Helpers.Hardware.Native.SP_DEVINFO_DATA.reserved] Missing &lt;summary&gt; documentation
  Warn: ShowMissingComponent: [T:Scrabler.Tools.Helpers.Hardware.Native.SP_DEVINSTALL_PARAMS] Missing &lt;summary&gt; documentation
  Warn: ShowMissingComponent: [F:Scrabler.Tools.Helpers.Hardware.Native.SP_DEVINSTALL_PARAMS.cbSize] Missing &lt;summary&gt; documentation
  Warn: ShowMissingComponent: [F:Scrabler.Tools.Helpers.Hardware.Native.SP_DEVINSTALL_PARAMS.ClassInstallReserved] Missing &lt;summary&gt; documentation
  Warn: ShowMissingComponent: [F:Scrabler.Tools.Helpers.Hardware.Native.SP_DEVINSTALL_PARAMS.DriverPath] Missing &lt;summary&gt; documentation
  Warn: ShowMissingComponent: [F:Scrabler.Tools.Helpers.Hardware.Native.SP_DEVINSTALL_PARAMS.FileQueue] Missing &lt;summary&gt; documentation
  Warn: ShowMissingComponent: [F:Scrabler.Tools.Helpers.Hardware.Native.SP_DEVINSTALL_PARAMS.Flags] Missing &lt;summary&gt; documentation
  Warn: ShowMissingComponent: [F:Scrabler.Tools.Helpers.Hardware.Native.SP_DEVINSTALL_PARAMS.FlagsEx] Missing &lt;summary&gt; documentation
  Warn: ShowMissingComponent: [F:Scrabler.Tools.Helpers.Hardware.Native.SP_DEVINSTALL_PARAMS.hwndParent] Missing &lt;summary&gt; documentation
  Warn: ShowMissingComponent: [F:Scrabler.Tools.Helpers.Hardware.Native.SP_DEVINSTALL_PARAMS.InstallMsgHandler] Missing &lt;summary&gt; documentation
  Warn: ShowMissingComponent: [F:Scrabler.Tools.Helpers.Hardware.Native.SP_DEVINSTALL_PARAMS.InstallMsgHandlerContext] Missing &lt;summary&gt; documentation
  Warn: ShowMissingComponent: [F:Scrabler.Tools.Helpers.Hardware.Native.SP_DEVINSTALL_PARAMS.Reserved] Missing &lt;summary&gt; documentation
  Warn: ShowMissingComponent: [T:Scrabler.Tools.Helpers.Hardware.Native.SP_PROPCHANGE_PARAMS] Missing &lt;summary&gt; documentation
  Warn: ShowMissingComponent: [F:Scrabler.Tools.Helpers.Hardware.Native.SP_PROPCHANGE_PARAMS.ClassInstallHeader] Missing &lt;summary&gt; documentation
  Warn: ShowMissingComponent: [F:Scrabler.Tools.Helpers.Hardware.Native.SP_PROPCHANGE_PARAMS.HwProfile] Missing &lt;summary&gt; documentation
  Warn: ShowMissingComponent: [F:Scrabler.Tools.Helpers.Hardware.Native.SP_PROPCHANGE_PARAMS.Scope] Missing &lt;summary&gt; documentation
  Warn: ShowMissingComponent: [F:Scrabler.Tools.Helpers.Hardware.Native.SP_PROPCHANGE_PARAMS.StateChange] Missing &lt;summary&gt; documentation
  Warn: ShowMissingComponent: [N:Scrabler.Tools.Helpers.Software] Missing &lt;summary&gt; documentation
  Warn: ShowMissingComponent: [T:Scrabler.Tools.Helpers.Software.SystemTime] Missing &lt;summary&gt; documentation
  Info: Processed 403 topic(s)
  Info: 274 warning(s)
  Diagnostic: CopyFromIndexComponent: &quot;reflection&quot; in-memory cache entries used: 4 of 15.
  Diagnostic: CopyFromIndexComponent: &quot;comments&quot; in-memory cache entries used: 4 of 30.
  Diagnostic: ResolveReferenceLinksComponent2: New MSDN content ID cache size: 659 entries
    Last step completed in 00:09:48.7107
</buildStep>
<buildStep step="CombiningIntermediateTocFiles">
Combining conceptual and API intermediate TOC files...

Clearing any prior web output
    Last step completed in 00:00:01.0501
</buildStep>
<buildStep step="ExtractingHtmlInfo">
Extracting HTML info for HTML Help 1 and/or website...
[C:\Windows\Microsoft.NET\Framework64\v4.0.30319\MSBuild.exe]
Sandcastle Help File Builder, version 1.9.8.0
Copyright ? 2006-2013, Eric Woodruff, All Rights Reserved
E-Mail: Eric@EWoodruff.us

Using LCID &#39;1033&#39;, code page &#39;65001&#39;, encoding charset &#39;UTF-8&#39;.

Processing Help 1 files in D:\My Programs\dotNet\Open Source\Scrabler\Scrabler\Help\Working\Output\HtmlHelp1
Processed 403 HTML files
Sorting keywords and generating See Also indices
Saving HTML Help 1 keyword index to D:\My Programs\dotNet\Open Source\Scrabler\Scrabler\Help\Working\Scrabler  Documentation.hhk
Saving HTML Help 1 table of contents to D:\My Programs\dotNet\Open Source\Scrabler\Scrabler\Help\Working\Scrabler  Documentation.hhc

Processing website files in D:\My Programs\dotNet\Open Source\Scrabler\Scrabler\Help\Working\Output\Website
Processed 403 HTML files
Sorting keywords and generating See Also indices
Saving website keyword index to D:\My Programs\dotNet\Open Source\Scrabler\Scrabler\Help\Working\WebKI.xml
Saving website table of contents to D:\My Programs\dotNet\Open Source\Scrabler\Scrabler\Help\Working\WebTOC.xml
    Last step completed in 00:00:04.1962
</buildStep>
<buildStep step="CopyStandardHelpContent">
Copying standard help content...
C:\Program Files (x86)\Sandcastle\\Presentation\Prototype\icons\alert_caution.gif -&gt; D:\My Programs\dotNet\Open Source\Scrabler\Scrabler\Help\Working\Output\HtmlHelp1\icons\alert_caution.gif
C:\Program Files (x86)\Sandcastle\\Presentation\Prototype\icons\alert_note.gif -&gt; D:\My Programs\dotNet\Open Source\Scrabler\Scrabler\Help\Working\Output\HtmlHelp1\icons\alert_note.gif
C:\Program Files (x86)\Sandcastle\\Presentation\Prototype\icons\alert_security.gif -&gt; D:\My Programs\dotNet\Open Source\Scrabler\Scrabler\Help\Working\Output\HtmlHelp1\icons\alert_security.gif
C:\Program Files (x86)\Sandcastle\\Presentation\Prototype\icons\Caution.gif -&gt; D:\My Programs\dotNet\Open Source\Scrabler\Scrabler\Help\Working\Output\HtmlHelp1\icons\Caution.gif
C:\Program Files (x86)\Sandcastle\\Presentation\Prototype\icons\CFW.gif -&gt; D:\My Programs\dotNet\Open Source\Scrabler\Scrabler\Help\Working\Output\HtmlHelp1\icons\CFW.gif
C:\Program Files (x86)\Sandcastle\\Presentation\Prototype\icons\collapse_all.gif -&gt; D:\My Programs\dotNet\Open Source\Scrabler\Scrabler\Help\Working\Output\HtmlHelp1\icons\collapse_all.gif
C:\Program Files (x86)\Sandcastle\\Presentation\Prototype\icons\copycode.gif -&gt; D:\My Programs\dotNet\Open Source\Scrabler\Scrabler\Help\Working\Output\HtmlHelp1\icons\copycode.gif
C:\Program Files (x86)\Sandcastle\\Presentation\Prototype\icons\copycodeHighlight.gif -&gt; D:\My Programs\dotNet\Open Source\Scrabler\Scrabler\Help\Working\Output\HtmlHelp1\icons\copycodeHighlight.gif
C:\Program Files (x86)\Sandcastle\\Presentation\Prototype\icons\expand_all.gif -&gt; D:\My Programs\dotNet\Open Source\Scrabler\Scrabler\Help\Working\Output\HtmlHelp1\icons\expand_all.gif
C:\Program Files (x86)\Sandcastle\\Presentation\Prototype\icons\LastChild.gif -&gt; D:\My Programs\dotNet\Open Source\Scrabler\Scrabler\Help\Working\Output\HtmlHelp1\icons\LastChild.gif
C:\Program Files (x86)\Sandcastle\\Presentation\Prototype\icons\NotLastChild.gif -&gt; D:\My Programs\dotNet\Open Source\Scrabler\Scrabler\Help\Working\Output\HtmlHelp1\icons\NotLastChild.gif
C:\Program Files (x86)\Sandcastle\\Presentation\Prototype\icons\privclass.gif -&gt; D:\My Programs\dotNet\Open Source\Scrabler\Scrabler\Help\Working\Output\HtmlHelp1\icons\privclass.gif
C:\Program Files (x86)\Sandcastle\\Presentation\Prototype\icons\privdelegate.gif -&gt; D:\My Programs\dotNet\Open Source\Scrabler\Scrabler\Help\Working\Output\HtmlHelp1\icons\privdelegate.gif
C:\Program Files (x86)\Sandcastle\\Presentation\Prototype\icons\privenum.gif -&gt; D:\My Programs\dotNet\Open Source\Scrabler\Scrabler\Help\Working\Output\HtmlHelp1\icons\privenum.gif
C:\Program Files (x86)\Sandcastle\\Presentation\Prototype\icons\privevent.gif -&gt; D:\My Programs\dotNet\Open Source\Scrabler\Scrabler\Help\Working\Output\HtmlHelp1\icons\privevent.gif
C:\Program Files (x86)\Sandcastle\\Presentation\Prototype\icons\privfield.gif -&gt; D:\My Programs\dotNet\Open Source\Scrabler\Scrabler\Help\Working\Output\HtmlHelp1\icons\privfield.gif
C:\Program Files (x86)\Sandcastle\\Presentation\Prototype\icons\privinterface.gif -&gt; D:\My Programs\dotNet\Open Source\Scrabler\Scrabler\Help\Working\Output\HtmlHelp1\icons\privinterface.gif
C:\Program Files (x86)\Sandcastle\\Presentation\Prototype\icons\privmethod.gif -&gt; D:\My Programs\dotNet\Open Source\Scrabler\Scrabler\Help\Working\Output\HtmlHelp1\icons\privmethod.gif
C:\Program Files (x86)\Sandcastle\\Presentation\Prototype\icons\privproperty.gif -&gt; D:\My Programs\dotNet\Open Source\Scrabler\Scrabler\Help\Working\Output\HtmlHelp1\icons\privproperty.gif
C:\Program Files (x86)\Sandcastle\\Presentation\Prototype\icons\privstructure.gif -&gt; D:\My Programs\dotNet\Open Source\Scrabler\Scrabler\Help\Working\Output\HtmlHelp1\icons\privstructure.gif
C:\Program Files (x86)\Sandcastle\\Presentation\Prototype\icons\protclass.gif -&gt; D:\My Programs\dotNet\Open Source\Scrabler\Scrabler\Help\Working\Output\HtmlHelp1\icons\protclass.gif
C:\Program Files (x86)\Sandcastle\\Presentation\Prototype\icons\protdelegate.gif -&gt; D:\My Programs\dotNet\Open Source\Scrabler\Scrabler\Help\Working\Output\HtmlHelp1\icons\protdelegate.gif
C:\Program Files (x86)\Sandcastle\\Presentation\Prototype\icons\protenum.gif -&gt; D:\My Programs\dotNet\Open Source\Scrabler\Scrabler\Help\Working\Output\HtmlHelp1\icons\protenum.gif
C:\Program Files (x86)\Sandcastle\\Presentation\Prototype\icons\protevent.gif -&gt; D:\My Programs\dotNet\Open Source\Scrabler\Scrabler\Help\Working\Output\HtmlHelp1\icons\protevent.gif
C:\Program Files (x86)\Sandcastle\\Presentation\Prototype\icons\protfield.gif -&gt; D:\My Programs\dotNet\Open Source\Scrabler\Scrabler\Help\Working\Output\HtmlHelp1\icons\protfield.gif
C:\Program Files (x86)\Sandcastle\\Presentation\Prototype\icons\protfield.png -&gt; D:\My Programs\dotNet\Open Source\Scrabler\Scrabler\Help\Working\Output\HtmlHelp1\icons\protfield.png
C:\Program Files (x86)\Sandcastle\\Presentation\Prototype\icons\protinterface.gif -&gt; D:\My Programs\dotNet\Open Source\Scrabler\Scrabler\Help\Working\Output\HtmlHelp1\icons\protinterface.gif
C:\Program Files (x86)\Sandcastle\\Presentation\Prototype\icons\protmethod.gif -&gt; D:\My Programs\dotNet\Open Source\Scrabler\Scrabler\Help\Working\Output\HtmlHelp1\icons\protmethod.gif
C:\Program Files (x86)\Sandcastle\\Presentation\Prototype\icons\protoperator.gif -&gt; D:\My Programs\dotNet\Open Source\Scrabler\Scrabler\Help\Working\Output\HtmlHelp1\icons\protoperator.gif
C:\Program Files (x86)\Sandcastle\\Presentation\Prototype\icons\protproperty.gif -&gt; D:\My Programs\dotNet\Open Source\Scrabler\Scrabler\Help\Working\Output\HtmlHelp1\icons\protproperty.gif
C:\Program Files (x86)\Sandcastle\\Presentation\Prototype\icons\protstructure.gif -&gt; D:\My Programs\dotNet\Open Source\Scrabler\Scrabler\Help\Working\Output\HtmlHelp1\icons\protstructure.gif
C:\Program Files (x86)\Sandcastle\\Presentation\Prototype\icons\pubclass.gif -&gt; D:\My Programs\dotNet\Open Source\Scrabler\Scrabler\Help\Working\Output\HtmlHelp1\icons\pubclass.gif
C:\Program Files (x86)\Sandcastle\\Presentation\Prototype\icons\pubdelegate.gif -&gt; D:\My Programs\dotNet\Open Source\Scrabler\Scrabler\Help\Working\Output\HtmlHelp1\icons\pubdelegate.gif
C:\Program Files (x86)\Sandcastle\\Presentation\Prototype\icons\pubenum.gif -&gt; D:\My Programs\dotNet\Open Source\Scrabler\Scrabler\Help\Working\Output\HtmlHelp1\icons\pubenum.gif
C:\Program Files (x86)\Sandcastle\\Presentation\Prototype\icons\pubevent.gif -&gt; D:\My Programs\dotNet\Open Source\Scrabler\Scrabler\Help\Working\Output\HtmlHelp1\icons\pubevent.gif
C:\Program Files (x86)\Sandcastle\\Presentation\Prototype\icons\pubfield.gif -&gt; D:\My Programs\dotNet\Open Source\Scrabler\Scrabler\Help\Working\Output\HtmlHelp1\icons\pubfield.gif
C:\Program Files (x86)\Sandcastle\\Presentation\Prototype\icons\pubinterface.gif -&gt; D:\My Programs\dotNet\Open Source\Scrabler\Scrabler\Help\Working\Output\HtmlHelp1\icons\pubinterface.gif
C:\Program Files (x86)\Sandcastle\\Presentation\Prototype\icons\pubmethod.gif -&gt; D:\My Programs\dotNet\Open Source\Scrabler\Scrabler\Help\Working\Output\HtmlHelp1\icons\pubmethod.gif
C:\Program Files (x86)\Sandcastle\\Presentation\Prototype\icons\puboperator.gif -&gt; D:\My Programs\dotNet\Open Source\Scrabler\Scrabler\Help\Working\Output\HtmlHelp1\icons\puboperator.gif
C:\Program Files (x86)\Sandcastle\\Presentation\Prototype\icons\pubproperty.gif -&gt; D:\My Programs\dotNet\Open Source\Scrabler\Scrabler\Help\Working\Output\HtmlHelp1\icons\pubproperty.gif
C:\Program Files (x86)\Sandcastle\\Presentation\Prototype\icons\pubstructure.gif -&gt; D:\My Programs\dotNet\Open Source\Scrabler\Scrabler\Help\Working\Output\HtmlHelp1\icons\pubstructure.gif
C:\Program Files (x86)\Sandcastle\\Presentation\Prototype\icons\security.gif -&gt; D:\My Programs\dotNet\Open Source\Scrabler\Scrabler\Help\Working\Output\HtmlHelp1\icons\security.gif
C:\Program Files (x86)\Sandcastle\\Presentation\Prototype\icons\static.gif -&gt; D:\My Programs\dotNet\Open Source\Scrabler\Scrabler\Help\Working\Output\HtmlHelp1\icons\static.gif
C:\Program Files (x86)\Sandcastle\\Presentation\Prototype\scripts\CollapsibleSection.js -&gt; D:\My Programs\dotNet\Open Source\Scrabler\Scrabler\Help\Working\Output\HtmlHelp1\scripts\CollapsibleSection.js
C:\Program Files (x86)\Sandcastle\\Presentation\Prototype\scripts\CookieDataStore.js -&gt; D:\My Programs\dotNet\Open Source\Scrabler\Scrabler\Help\Working\Output\HtmlHelp1\scripts\CookieDataStore.js
C:\Program Files (x86)\Sandcastle\\Presentation\Prototype\scripts\ElementCollection.js -&gt; D:\My Programs\dotNet\Open Source\Scrabler\Scrabler\Help\Working\Output\HtmlHelp1\scripts\ElementCollection.js
C:\Program Files (x86)\Sandcastle\\Presentation\Prototype\scripts\EventUtilities.js -&gt; D:\My Programs\dotNet\Open Source\Scrabler\Scrabler\Help\Working\Output\HtmlHelp1\scripts\EventUtilities.js
C:\Program Files (x86)\Sandcastle\\Presentation\Prototype\scripts\LanguageFilter.js -&gt; D:\My Programs\dotNet\Open Source\Scrabler\Scrabler\Help\Working\Output\HtmlHelp1\scripts\LanguageFilter.js
C:\Program Files (x86)\Sandcastle\\Presentation\Prototype\scripts\MemberFilter.js -&gt; D:\My Programs\dotNet\Open Source\Scrabler\Scrabler\Help\Working\Output\HtmlHelp1\scripts\MemberFilter.js
C:\Program Files (x86)\Sandcastle\\Presentation\Prototype\scripts\script_prototype.js -&gt; D:\My Programs\dotNet\Open Source\Scrabler\Scrabler\Help\Working\Output\HtmlHelp1\scripts\script_prototype.js
C:\Program Files (x86)\Sandcastle\\Presentation\Prototype\scripts\SplitScreen.js -&gt; D:\My Programs\dotNet\Open Source\Scrabler\Scrabler\Help\Working\Output\HtmlHelp1\scripts\SplitScreen.js
C:\Program Files (x86)\Sandcastle\\Presentation\Prototype\scripts\StyleUtilities.js -&gt; D:\My Programs\dotNet\Open Source\Scrabler\Scrabler\Help\Working\Output\HtmlHelp1\scripts\StyleUtilities.js
C:\Program Files (x86)\Sandcastle\\Presentation\Prototype\styles\presentation.css -&gt; D:\My Programs\dotNet\Open Source\Scrabler\Scrabler\Help\Working\Output\HtmlHelp1\styles\presentation.css
C:\Program Files (x86)\Sandcastle\\Presentation\Prototype\icons\alert_caution.gif -&gt; D:\My Programs\dotNet\Open Source\Scrabler\Scrabler\Help\Working\Output\Website\icons\alert_caution.gif
C:\Program Files (x86)\Sandcastle\\Presentation\Prototype\icons\alert_note.gif -&gt; D:\My Programs\dotNet\Open Source\Scrabler\Scrabler\Help\Working\Output\Website\icons\alert_note.gif
C:\Program Files (x86)\Sandcastle\\Presentation\Prototype\icons\alert_security.gif -&gt; D:\My Programs\dotNet\Open Source\Scrabler\Scrabler\Help\Working\Output\Website\icons\alert_security.gif
C:\Program Files (x86)\Sandcastle\\Presentation\Prototype\icons\Caution.gif -&gt; D:\My Programs\dotNet\Open Source\Scrabler\Scrabler\Help\Working\Output\Website\icons\Caution.gif
C:\Program Files (x86)\Sandcastle\\Presentation\Prototype\icons\CFW.gif -&gt; D:\My Programs\dotNet\Open Source\Scrabler\Scrabler\Help\Working\Output\Website\icons\CFW.gif
C:\Program Files (x86)\Sandcastle\\Presentation\Prototype\icons\collapse_all.gif -&gt; D:\My Programs\dotNet\Open Source\Scrabler\Scrabler\Help\Working\Output\Website\icons\collapse_all.gif
C:\Program Files (x86)\Sandcastle\\Presentation\Prototype\icons\copycode.gif -&gt; D:\My Programs\dotNet\Open Source\Scrabler\Scrabler\Help\Working\Output\Website\icons\copycode.gif
C:\Program Files (x86)\Sandcastle\\Presentation\Prototype\icons\copycodeHighlight.gif -&gt; D:\My Programs\dotNet\Open Source\Scrabler\Scrabler\Help\Working\Output\Website\icons\copycodeHighlight.gif
C:\Program Files (x86)\Sandcastle\\Presentation\Prototype\icons\expand_all.gif -&gt; D:\My Programs\dotNet\Open Source\Scrabler\Scrabler\Help\Working\Output\Website\icons\expand_all.gif
C:\Program Files (x86)\Sandcastle\\Presentation\Prototype\icons\LastChild.gif -&gt; D:\My Programs\dotNet\Open Source\Scrabler\Scrabler\Help\Working\Output\Website\icons\LastChild.gif
C:\Program Files (x86)\Sandcastle\\Presentation\Prototype\icons\NotLastChild.gif -&gt; D:\My Programs\dotNet\Open Source\Scrabler\Scrabler\Help\Working\Output\Website\icons\NotLastChild.gif
C:\Program Files (x86)\Sandcastle\\Presentation\Prototype\icons\privclass.gif -&gt; D:\My Programs\dotNet\Open Source\Scrabler\Scrabler\Help\Working\Output\Website\icons\privclass.gif
C:\Program Files (x86)\Sandcastle\\Presentation\Prototype\icons\privdelegate.gif -&gt; D:\My Programs\dotNet\Open Source\Scrabler\Scrabler\Help\Working\Output\Website\icons\privdelegate.gif
C:\Program Files (x86)\Sandcastle\\Presentation\Prototype\icons\privenum.gif -&gt; D:\My Programs\dotNet\Open Source\Scrabler\Scrabler\Help\Working\Output\Website\icons\privenum.gif
C:\Program Files (x86)\Sandcastle\\Presentation\Prototype\icons\privevent.gif -&gt; D:\My Programs\dotNet\Open Source\Scrabler\Scrabler\Help\Working\Output\Website\icons\privevent.gif
C:\Program Files (x86)\Sandcastle\\Presentation\Prototype\icons\privfield.gif -&gt; D:\My Programs\dotNet\Open Source\Scrabler\Scrabler\Help\Working\Output\Website\icons\privfield.gif
C:\Program Files (x86)\Sandcastle\\Presentation\Prototype\icons\privinterface.gif -&gt; D:\My Programs\dotNet\Open Source\Scrabler\Scrabler\Help\Working\Output\Website\icons\privinterface.gif
C:\Program Files (x86)\Sandcastle\\Presentation\Prototype\icons\privmethod.gif -&gt; D:\My Programs\dotNet\Open Source\Scrabler\Scrabler\Help\Working\Output\Website\icons\privmethod.gif
C:\Program Files (x86)\Sandcastle\\Presentation\Prototype\icons\privproperty.gif -&gt; D:\My Programs\dotNet\Open Source\Scrabler\Scrabler\Help\Working\Output\Website\icons\privproperty.gif
C:\Program Files (x86)\Sandcastle\\Presentation\Prototype\icons\privstructure.gif -&gt; D:\My Programs\dotNet\Open Source\Scrabler\Scrabler\Help\Working\Output\Website\icons\privstructure.gif
C:\Program Files (x86)\Sandcastle\\Presentation\Prototype\icons\protclass.gif -&gt; D:\My Programs\dotNet\Open Source\Scrabler\Scrabler\Help\Working\Output\Website\icons\protclass.gif
C:\Program Files (x86)\Sandcastle\\Presentation\Prototype\icons\protdelegate.gif -&gt; D:\My Programs\dotNet\Open Source\Scrabler\Scrabler\Help\Working\Output\Website\icons\protdelegate.gif
C:\Program Files (x86)\Sandcastle\\Presentation\Prototype\icons\protenum.gif -&gt; D:\My Programs\dotNet\Open Source\Scrabler\Scrabler\Help\Working\Output\Website\icons\protenum.gif
C:\Program Files (x86)\Sandcastle\\Presentation\Prototype\icons\protevent.gif -&gt; D:\My Programs\dotNet\Open Source\Scrabler\Scrabler\Help\Working\Output\Website\icons\protevent.gif
C:\Program Files (x86)\Sandcastle\\Presentation\Prototype\icons\protfield.gif -&gt; D:\My Programs\dotNet\Open Source\Scrabler\Scrabler\Help\Working\Output\Website\icons\protfield.gif
C:\Program Files (x86)\Sandcastle\\Presentation\Prototype\icons\protfield.png -&gt; D:\My Programs\dotNet\Open Source\Scrabler\Scrabler\Help\Working\Output\Website\icons\protfield.png
C:\Program Files (x86)\Sandcastle\\Presentation\Prototype\icons\protinterface.gif -&gt; D:\My Programs\dotNet\Open Source\Scrabler\Scrabler\Help\Working\Output\Website\icons\protinterface.gif
C:\Program Files (x86)\Sandcastle\\Presentation\Prototype\icons\protmethod.gif -&gt; D:\My Programs\dotNet\Open Source\Scrabler\Scrabler\Help\Working\Output\Website\icons\protmethod.gif
C:\Program Files (x86)\Sandcastle\\Presentation\Prototype\icons\protoperator.gif -&gt; D:\My Programs\dotNet\Open Source\Scrabler\Scrabler\Help\Working\Output\Website\icons\protoperator.gif
C:\Program Files (x86)\Sandcastle\\Presentation\Prototype\icons\protproperty.gif -&gt; D:\My Programs\dotNet\Open Source\Scrabler\Scrabler\Help\Working\Output\Website\icons\protproperty.gif
C:\Program Files (x86)\Sandcastle\\Presentation\Prototype\icons\protstructure.gif -&gt; D:\My Programs\dotNet\Open Source\Scrabler\Scrabler\Help\Working\Output\Website\icons\protstructure.gif
C:\Program Files (x86)\Sandcastle\\Presentation\Prototype\icons\pubclass.gif -&gt; D:\My Programs\dotNet\Open Source\Scrabler\Scrabler\Help\Working\Output\Website\icons\pubclass.gif
C:\Program Files (x86)\Sandcastle\\Presentation\Prototype\icons\pubdelegate.gif -&gt; D:\My Programs\dotNet\Open Source\Scrabler\Scrabler\Help\Working\Output\Website\icons\pubdelegate.gif
C:\Program Files (x86)\Sandcastle\\Presentation\Prototype\icons\pubenum.gif -&gt; D:\My Programs\dotNet\Open Source\Scrabler\Scrabler\Help\Working\Output\Website\icons\pubenum.gif
C:\Program Files (x86)\Sandcastle\\Presentation\Prototype\icons\pubevent.gif -&gt; D:\My Programs\dotNet\Open Source\Scrabler\Scrabler\Help\Working\Output\Website\icons\pubevent.gif
C:\Program Files (x86)\Sandcastle\\Presentation\Prototype\icons\pubfield.gif -&gt; D:\My Programs\dotNet\Open Source\Scrabler\Scrabler\Help\Working\Output\Website\icons\pubfield.gif
C:\Program Files (x86)\Sandcastle\\Presentation\Prototype\icons\pubinterface.gif -&gt; D:\My Programs\dotNet\Open Source\Scrabler\Scrabler\Help\Working\Output\Website\icons\pubinterface.gif
C:\Program Files (x86)\Sandcastle\\Presentation\Prototype\icons\pubmethod.gif -&gt; D:\My Programs\dotNet\Open Source\Scrabler\Scrabler\Help\Working\Output\Website\icons\pubmethod.gif
C:\Program Files (x86)\Sandcastle\\Presentation\Prototype\icons\puboperator.gif -&gt; D:\My Programs\dotNet\Open Source\Scrabler\Scrabler\Help\Working\Output\Website\icons\puboperator.gif
C:\Program Files (x86)\Sandcastle\\Presentation\Prototype\icons\pubproperty.gif -&gt; D:\My Programs\dotNet\Open Source\Scrabler\Scrabler\Help\Working\Output\Website\icons\pubproperty.gif
C:\Program Files (x86)\Sandcastle\\Presentation\Prototype\icons\pubstructure.gif -&gt; D:\My Programs\dotNet\Open Source\Scrabler\Scrabler\Help\Working\Output\Website\icons\pubstructure.gif
C:\Program Files (x86)\Sandcastle\\Presentation\Prototype\icons\security.gif -&gt; D:\My Programs\dotNet\Open Source\Scrabler\Scrabler\Help\Working\Output\Website\icons\security.gif
C:\Program Files (x86)\Sandcastle\\Presentation\Prototype\icons\static.gif -&gt; D:\My Programs\dotNet\Open Source\Scrabler\Scrabler\Help\Working\Output\Website\icons\static.gif
C:\Program Files (x86)\Sandcastle\\Presentation\Prototype\scripts\CollapsibleSection.js -&gt; D:\My Programs\dotNet\Open Source\Scrabler\Scrabler\Help\Working\Output\Website\scripts\CollapsibleSection.js
C:\Program Files (x86)\Sandcastle\\Presentation\Prototype\scripts\CookieDataStore.js -&gt; D:\My Programs\dotNet\Open Source\Scrabler\Scrabler\Help\Working\Output\Website\scripts\CookieDataStore.js
C:\Program Files (x86)\Sandcastle\\Presentation\Prototype\scripts\ElementCollection.js -&gt; D:\My Programs\dotNet\Open Source\Scrabler\Scrabler\Help\Working\Output\Website\scripts\ElementCollection.js
C:\Program Files (x86)\Sandcastle\\Presentation\Prototype\scripts\EventUtilities.js -&gt; D:\My Programs\dotNet\Open Source\Scrabler\Scrabler\Help\Working\Output\Website\scripts\EventUtilities.js
C:\Program Files (x86)\Sandcastle\\Presentation\Prototype\scripts\LanguageFilter.js -&gt; D:\My Programs\dotNet\Open Source\Scrabler\Scrabler\Help\Working\Output\Website\scripts\LanguageFilter.js
C:\Program Files (x86)\Sandcastle\\Presentation\Prototype\scripts\MemberFilter.js -&gt; D:\My Programs\dotNet\Open Source\Scrabler\Scrabler\Help\Working\Output\Website\scripts\MemberFilter.js
C:\Program Files (x86)\Sandcastle\\Presentation\Prototype\scripts\script_prototype.js -&gt; D:\My Programs\dotNet\Open Source\Scrabler\Scrabler\Help\Working\Output\Website\scripts\script_prototype.js
C:\Program Files (x86)\Sandcastle\\Presentation\Prototype\scripts\SplitScreen.js -&gt; D:\My Programs\dotNet\Open Source\Scrabler\Scrabler\Help\Working\Output\Website\scripts\SplitScreen.js
C:\Program Files (x86)\Sandcastle\\Presentation\Prototype\scripts\StyleUtilities.js -&gt; D:\My Programs\dotNet\Open Source\Scrabler\Scrabler\Help\Working\Output\Website\scripts\StyleUtilities.js
C:\Program Files (x86)\Sandcastle\\Presentation\Prototype\styles\presentation.css -&gt; D:\My Programs\dotNet\Open Source\Scrabler\Scrabler\Help\Working\Output\Website\styles\presentation.css
C:\Program Files (x86)\EWSoftware\Sandcastle Help File Builder\\Web\CloseSearch.png -&gt; D:\My Programs\dotNet\Open Source\Scrabler\Scrabler\Help\Working\Output\Website\.\CloseSearch.png
C:\Program Files (x86)\EWSoftware\Sandcastle Help File Builder\\Web\CollapseAll.bmp -&gt; D:\My Programs\dotNet\Open Source\Scrabler\Scrabler\Help\Working\Output\Website\.\CollapseAll.bmp
C:\Program Files (x86)\EWSoftware\Sandcastle Help File Builder\\Web\Collapsed.gif -&gt; D:\My Programs\dotNet\Open Source\Scrabler\Scrabler\Help\Working\Output\Website\.\Collapsed.gif
C:\Program Files (x86)\EWSoftware\Sandcastle Help File Builder\\Web\ExpandAll.bmp -&gt; D:\My Programs\dotNet\Open Source\Scrabler\Scrabler\Help\Working\Output\Website\.\ExpandAll.bmp
C:\Program Files (x86)\EWSoftware\Sandcastle Help File Builder\\Web\Expanded.gif -&gt; D:\My Programs\dotNet\Open Source\Scrabler\Scrabler\Help\Working\Output\Website\.\Expanded.gif
C:\Program Files (x86)\EWSoftware\Sandcastle Help File Builder\\Web\favicon.ico -&gt; D:\My Programs\dotNet\Open Source\Scrabler\Scrabler\Help\Working\Output\Website\.\favicon.ico
C:\Program Files (x86)\EWSoftware\Sandcastle Help File Builder\\Web\FillNode.aspx -&gt; D:\My Programs\dotNet\Open Source\Scrabler\Scrabler\Help\Working\Output\Website\.\FillNode.aspx
C:\Program Files (x86)\EWSoftware\Sandcastle Help File Builder\\Web\FillNode.php -&gt; D:\My Programs\dotNet\Open Source\Scrabler\Scrabler\Help\Working\Output\Website\.\FillNode.php
C:\Program Files (x86)\EWSoftware\Sandcastle Help File Builder\\Web\Index.aspx -&gt; D:\My Programs\dotNet\Open Source\Scrabler\Scrabler\Help\Working\Output\Website\.\Index.aspx
C:\Program Files (x86)\EWSoftware\Sandcastle Help File Builder\\Web\Index.gif -&gt; D:\My Programs\dotNet\Open Source\Scrabler\Scrabler\Help\Working\Output\Website\.\Index.gif
C:\Program Files (x86)\EWSoftware\Sandcastle Help File Builder\\Web\index.html -&gt; D:\My Programs\dotNet\Open Source\Scrabler\Scrabler\Help\Working\Output\Website\.\index.html
C:\Program Files (x86)\EWSoftware\Sandcastle Help File Builder\\Web\index.php -&gt; D:\My Programs\dotNet\Open Source\Scrabler\Scrabler\Help\Working\Output\Website\.\index.php
C:\Program Files (x86)\EWSoftware\Sandcastle Help File Builder\\Web\Item.gif -&gt; D:\My Programs\dotNet\Open Source\Scrabler\Scrabler\Help\Working\Output\Website\.\Item.gif
C:\Program Files (x86)\EWSoftware\Sandcastle Help File Builder\\Web\LoadIndexKeywords.aspx -&gt; D:\My Programs\dotNet\Open Source\Scrabler\Scrabler\Help\Working\Output\Website\.\LoadIndexKeywords.aspx
C:\Program Files (x86)\EWSoftware\Sandcastle Help File Builder\\Web\LoadIndexKeywords.php -&gt; D:\My Programs\dotNet\Open Source\Scrabler\Scrabler\Help\Working\Output\Website\.\LoadIndexKeywords.php
C:\Program Files (x86)\EWSoftware\Sandcastle Help File Builder\\Web\Search.gif -&gt; D:\My Programs\dotNet\Open Source\Scrabler\Scrabler\Help\Working\Output\Website\.\Search.gif
C:\Program Files (x86)\EWSoftware\Sandcastle Help File Builder\\Web\SearchHelp.aspx -&gt; D:\My Programs\dotNet\Open Source\Scrabler\Scrabler\Help\Working\Output\Website\.\SearchHelp.aspx
C:\Program Files (x86)\EWSoftware\Sandcastle Help File Builder\\Web\SearchHelp.inc.php -&gt; D:\My Programs\dotNet\Open Source\Scrabler\Scrabler\Help\Working\Output\Website\.\SearchHelp.inc.php
C:\Program Files (x86)\EWSoftware\Sandcastle Help File Builder\\Web\SearchHelp.php -&gt; D:\My Programs\dotNet\Open Source\Scrabler\Scrabler\Help\Working\Output\Website\.\SearchHelp.php
C:\Program Files (x86)\EWSoftware\Sandcastle Help File Builder\\Web\Splitter.gif -&gt; D:\My Programs\dotNet\Open Source\Scrabler\Scrabler\Help\Working\Output\Website\.\Splitter.gif
C:\Program Files (x86)\EWSoftware\Sandcastle Help File Builder\\Web\SyncTOC.gif -&gt; D:\My Programs\dotNet\Open Source\Scrabler\Scrabler\Help\Working\Output\Website\.\SyncTOC.gif
C:\Program Files (x86)\EWSoftware\Sandcastle Help File Builder\\Web\TOC.css -&gt; D:\My Programs\dotNet\Open Source\Scrabler\Scrabler\Help\Working\Output\Website\.\TOC.css
C:\Program Files (x86)\EWSoftware\Sandcastle Help File Builder\\Web\TOC.js -&gt; D:\My Programs\dotNet\Open Source\Scrabler\Scrabler\Help\Working\Output\Website\.\TOC.js
C:\Program Files (x86)\EWSoftware\Sandcastle Help File Builder\\Web\Web.Config -&gt; D:\My Programs\dotNet\Open Source\Scrabler\Scrabler\Help\Working\Output\Website\.\Web.Config
    Last step completed in 00:00:05.7973
</buildStep>
<buildStep step="GenerateHelpFormatTableOfContents">
Generating HTML Help 1 table of contents file...
    Last step completed in 00:00:00.0300
</buildStep>
<buildStep step="GenerateHelpFileIndex">
Generating HTML Help 1 index file...
    Last step completed in 00:00:00.0230
</buildStep>
<buildStep step="GenerateHelpProject">
Generating HTML Help 1 project file...
    Last step completed in 00:00:00.0890
</buildStep>
<buildStep step="CompilingHelpFile">
Compiling HTML Help 1 file...
[C:\Windows\Microsoft.NET\Framework64\v4.0.30319\MSBuild.exe]
  Microsoft HTML Help Compiler 4.74.8702
  
  
  
  Compiling d:\My Programs\dotNet\Open Source\Scrabler\Scrabler\Help\Working\Output\HtmlHelp1\Scrabler  Documentation.chm
  
  
  
  
  
  Compile time: 0 minutes, 17 seconds
  
  405	Topics
  
  3,937	Local links
  
  6,853	Internet links
  
  0	Graphics
  
  
  
  
  
  Created d:\My Programs\dotNet\Open Source\Scrabler\Scrabler\Help\Working\Output\HtmlHelp1\Scrabler  Documentation.chm, 653,437 bytes
  
  Compression decreased file by 4,570,813 bytes.
  
    Last step completed in 00:00:21.8472
</buildStep>
<buildStep step="GenerateHelpFormatTableOfContents">
Generating website table of contents file...
    Last step completed in 00:00:00.0330
</buildStep>
<buildStep step="GenerateFullTextIndex">
Generating full-text index for the website...

    Last step completed in 00:00:10.0796
</buildStep>
<buildStep step="CopyingWebsiteFiles">
Copying website files to output folder...

Copied 100 files
Copied 200 files
Copied 300 files
Copied 400 files
Copied 500 files
Copied 506 files for the website content
    Last step completed in 00:00:03.3412
</buildStep>
<buildStep step="CleanIntermediates">
Removing intermediate files...
    Last step completed in 00:00:01.1841
</buildStep>
<buildStep step="Completed">

Build completed successfully at 01/06/2017 11:17 .  Total time: 00:11:07,3832

</buildStep>
</shfbBuild>
